::1 - - [17/Jun/2020:14:07:20 +0000] "GET /game/new_game?player_count=2 HTTP/1.1" 500 35 "-" "Mozilla/5.0 (X11; Linux x86_64) AppleWebKit/537.36 (KHTML, like Gecko) Chrome/81.0.4044.92 Safari/537.36"
::1 - - [17/Jun/2020:14:07:25 +0000] "GET /game/new_game?player_count=2 HTTP/1.1" 201 705 "-" "Mozilla/5.0 (X11; Linux x86_64) AppleWebKit/537.36 (KHTML, like Gecko) Chrome/81.0.4044.92 Safari/537.36"
::1 - - [17/Jun/2020:14:13:44 +0000] "GET /game/new_game?player_count=9 HTTP/1.1" 422 58 "-" "Mozilla/5.0 (X11; Linux x86_64) AppleWebKit/537.36 (KHTML, like Gecko) Chrome/81.0.4044.92 Safari/537.36"
::1 - - [17/Jun/2020:15:31:42 +0000] "POST /game/new_game?player_count=9 HTTP/1.1" 422 58 "-" "Mozilla/5.0 (X11; Linux x86_64) AppleWebKit/537.36 (KHTML, like Gecko) Chrome/81.0.4044.92 Safari/537.36"
::1 - - [17/Jun/2020:15:31:49 +0000] "POST /game/new_game?player_count=3 HTTP/1.1" 422 58 "-" "Mozilla/5.0 (X11; Linux x86_64) AppleWebKit/537.36 (KHTML, like Gecko) Chrome/81.0.4044.92 Safari/537.36"
::1 - - [17/Jun/2020:15:31:53 +0000] "POST /game/new_game?player_count=2 HTTP/1.1" 500 35 "-" "Mozilla/5.0 (X11; Linux x86_64) AppleWebKit/537.36 (KHTML, like Gecko) Chrome/81.0.4044.92 Safari/537.36"
::1 - - [17/Jun/2020:15:33:43 +0000] "POST /game/new_game?player_count=2 HTTP/1.1" 201 694 "-" "Mozilla/5.0 (X11; Linux x86_64) AppleWebKit/537.36 (KHTML, like Gecko) Chrome/81.0.4044.92 Safari/537.36"
::1 - - [17/Jun/2020:15:36:12 +0000] "POST /game/new_game?player_count=2 HTTP/1.1" 201 699 "-" "Mozilla/5.0 (X11; Linux x86_64) AppleWebKit/537.36 (KHTML, like Gecko) Chrome/81.0.4044.92 Safari/537.36"
::1 - - [17/Jun/2020:15:37:07 +0000] "POST /game/new_game?player_count=2 HTTP/1.1" 201 699 "-" "Mozilla/5.0 (X11; Linux x86_64) AppleWebKit/537.36 (KHTML, like Gecko) Chrome/81.0.4044.92 Safari/537.36"
::1 - - [17/Jun/2020:15:37:37 +0000] "GET /game/twist/5eea38a3a67d3c43260afa1d/p1 HTTP/1.1" 422 32 "-" "Mozilla/5.0 (X11; Linux x86_64) AppleWebKit/537.36 (KHTML, like Gecko) Chrome/81.0.4044.92 Safari/537.36"
::1 - - [17/Jun/2020:15:39:36 +0000] "GET /game/twist/5eea38a3a67d3c43260afa1d/p1 HTTP/1.1" - - "-" "Mozilla/5.0 (X11; Linux x86_64) AppleWebKit/537.36 (KHTML, like Gecko) Chrome/81.0.4044.92 Safari/537.36"
::1 - - [17/Jun/2020:15:39:50 +0000] "GET /game/twist/p1 HTTP/1.1" 404 152 "-" "Mozilla/5.0 (X11; Linux x86_64) AppleWebKit/537.36 (KHTML, like Gecko) Chrome/81.0.4044.92 Safari/537.36"
::1 - - [17/Jun/2020:15:42:03 +0000] "GET /game/twist/5eea38a3a67d3c43260afa1d/p1 HTTP/1.1" - - "-" "Mozilla/5.0 (X11; Linux x86_64) AppleWebKit/537.36 (KHTML, like Gecko) Chrome/81.0.4044.92 Safari/537.36"
::1 - - [17/Jun/2020:15:53:16 +0000] "GET /game/twist/5eea38a3a67d3c43260afa1d/p1 HTTP/1.1" 500 1271 "-" "Mozilla/5.0 (X11; Linux x86_64) AppleWebKit/537.36 (KHTML, like Gecko) Chrome/81.0.4044.92 Safari/537.36"
::1 - - [17/Jun/2020:15:54:20 +0000] "GET /game/twist/5eea38a3a67d3c43260afa1d/p1 HTTP/1.1" - - "-" "Mozilla/5.0 (X11; Linux x86_64) AppleWebKit/537.36 (KHTML, like Gecko) Chrome/81.0.4044.92 Safari/537.36"
::1 - - [17/Jun/2020:15:54:40 +0000] "GET /game/twist/5eea38a3a67d3c43260afa1e/p1 HTTP/1.1" - - "-" "Mozilla/5.0 (X11; Linux x86_64) AppleWebKit/537.36 (KHTML, like Gecko) Chrome/81.0.4044.92 Safari/537.36"
::1 - - [17/Jun/2020:17:05:18 +0000] "GET /game/twist/5eea38a3a67d3c43260afa1e/p1 HTTP/1.1" - - "-" "Mozilla/5.0 (X11; Linux x86_64) AppleWebKit/537.36 (KHTML, like Gecko) Chrome/81.0.4044.92 Safari/537.36"
::1 - - [17/Jun/2020:17:15:22 +0000] "GET /game/twist/5eea38a3a67d3c43260afa1d/p1 HTTP/1.1" - - "-" "Mozilla/5.0 (X11; Linux x86_64) AppleWebKit/537.36 (KHTML, like Gecko) Chrome/81.0.4044.92 Safari/537.36"
::1 - - [17/Jun/2020:17:23:24 +0000] "GET /game/twist/5eea38a3a67d3c43260afa1d/p1 HTTP/1.1" - - "-" "Mozilla/5.0 (X11; Linux x86_64) AppleWebKit/537.36 (KHTML, like Gecko) Chrome/81.0.4044.92 Safari/537.36"
::1 - - [17/Jun/2020:17:28:57 +0000] "POST /game/new_game?player_count=2 HTTP/1.1" 201 696 "-" "Mozilla/5.0 (X11; Linux x86_64) AppleWebKit/537.36 (KHTML, like Gecko) Chrome/81.0.4044.92 Safari/537.36"
::1 - - [17/Jun/2020:17:29:15 +0000] "POST /game/new_game?player_count=2 HTTP/1.1" 201 695 "-" "Mozilla/5.0 (X11; Linux x86_64) AppleWebKit/537.36 (KHTML, like Gecko) Chrome/81.0.4044.92 Safari/537.36"
::1 - - [17/Jun/2020:17:41:04 +0000] "GET /game/twist/5eea52d973b3470994a4a30c/p1 HTTP/1.1" - - "-" "Mozilla/5.0 (X11; Linux x86_64) AppleWebKit/537.36 (KHTML, like Gecko) Chrome/81.0.4044.92 Safari/537.36"
::1 - - [17/Jun/2020:17:48:31 +0000] "GET /game/twist/5eea52d973b3470994a4a30c/p1 HTTP/1.1" - - "-" "Mozilla/5.0 (X11; Linux x86_64) AppleWebKit/537.36 (KHTML, like Gecko) Chrome/81.0.4044.92 Safari/537.36"
::1 - - [17/Jun/2020:18:18:58 +0000] "GET /game/twist/5eea52d973b3470994a4a30c/p1 HTTP/1.1" - - "-" "Mozilla/5.0 (X11; Linux x86_64) AppleWebKit/537.36 (KHTML, like Gecko) Chrome/81.0.4044.92 Safari/537.36"
::1 - - [17/Jun/2020:18:38:14 +0000] "GET /game/twist/5eea52d973b3470994a4a30c/p1 HTTP/1.1" - - "-" "Mozilla/5.0 (X11; Linux x86_64) AppleWebKit/537.36 (KHTML, like Gecko) Chrome/81.0.4044.92 Safari/537.36"
::1 - - [18/Jun/2020:03:08:08 +0000] "GET /game/twist/5eea52d973b3470994a4a30c/p1 HTTP/1.1" - - "-" "Mozilla/5.0 (X11; Linux x86_64) AppleWebKit/537.36 (KHTML, like Gecko) Chrome/81.0.4044.92 Safari/537.36"
::1 - - [18/Jun/2020:03:17:41 +0000] "GET /game/twist/5eea52d973b3470994a4a30c/p1 HTTP/1.1" 200 45 "-" "Mozilla/5.0 (X11; Linux x86_64) AppleWebKit/537.36 (KHTML, like Gecko) Chrome/81.0.4044.92 Safari/537.36"
::1 - - [18/Jun/2020:03:18:00 +0000] "GET /game/twist/5eea52d973b3470994a4a30c/p1 HTTP/1.1" 200 46 "-" "Mozilla/5.0 (X11; Linux x86_64) AppleWebKit/537.36 (KHTML, like Gecko) Chrome/81.0.4044.92 Safari/537.36"
::1 - - [18/Jun/2020:03:28:14 +0000] "POST /game/new_game?player_count=2 HTTP/1.1" 201 694 "-" "Mozilla/5.0 (X11; Linux x86_64) AppleWebKit/537.36 (KHTML, like Gecko) Chrome/81.0.4044.92 Safari/537.36"
::1 - - [18/Jun/2020:03:39:03 +0000] "GET /game/twist/5eeadf4e03209602dd7d4f54/p1 HTTP/1.1" 200 46 "-" "Mozilla/5.0 (X11; Linux x86_64) AppleWebKit/537.36 (KHTML, like Gecko) Chrome/81.0.4044.92 Safari/537.36"
::1 - - [18/Jun/2020:03:40:50 +0000] "GET /game/twist/5eeadf4e03209602dd7d4f54/p1 HTTP/1.1" 200 46 "-" "Mozilla/5.0 (X11; Linux x86_64) AppleWebKit/537.36 (KHTML, like Gecko) Chrome/81.0.4044.92 Safari/537.36"
::1 - - [18/Jun/2020:03:40:56 +0000] "POST /game/new_game?player_count=2 HTTP/1.1" 201 694 "-" "Mozilla/5.0 (X11; Linux x86_64) AppleWebKit/537.36 (KHTML, like Gecko) Chrome/81.0.4044.92 Safari/537.36"
::1 - - [18/Jun/2020:03:42:35 +0000] "GET /game/twist/5eeae248cfa5151274bb074c/p1 HTTP/1.1" 200 46 "-" "Mozilla/5.0 (X11; Linux x86_64) AppleWebKit/537.36 (KHTML, like Gecko) Chrome/81.0.4044.92 Safari/537.36"
::1 - - [18/Jun/2020:03:44:12 +0000] "GET /game/twist/5eeae248cfa5151274bb074c/p1 HTTP/1.1" 200 46 "-" "Mozilla/5.0 (X11; Linux x86_64) AppleWebKit/537.36 (KHTML, like Gecko) Chrome/81.0.4044.92 Safari/537.36"
::1 - - [18/Jun/2020:03:44:15 +0000] "POST /game/new_game?player_count=2 HTTP/1.1" 201 704 "-" "Mozilla/5.0 (X11; Linux x86_64) AppleWebKit/537.36 (KHTML, like Gecko) Chrome/81.0.4044.92 Safari/537.36"
::1 - - [18/Jun/2020:03:44:30 +0000] "POST /game/new_game?player_count=2 HTTP/1.1" 201 701 "-" "Mozilla/5.0 (X11; Linux x86_64) AppleWebKit/537.36 (KHTML, like Gecko) Chrome/81.0.4044.92 Safari/537.36"
::1 - - [18/Jun/2020:03:54:16 +0000] "GET /game/twist/5eeae30f333ced15a630c385/p1 HTTP/1.1" 200 46 "-" "Mozilla/5.0 (X11; Linux x86_64) AppleWebKit/537.36 (KHTML, like Gecko) Chrome/81.0.4044.92 Safari/537.36"
::1 - - [18/Jun/2020:03:59:48 +0000] "GET /game/twist/5eeae30f333ced15a630c385/p2 HTTP/1.1" 200 46 "-" "Mozilla/5.0 (X11; Linux x86_64) AppleWebKit/537.36 (KHTML, like Gecko) Chrome/81.0.4044.92 Safari/537.36"
::1 - - [18/Jun/2020:04:00:08 +0000] "GET /game/twist/5eeae30f333ced15a630c385/p1 HTTP/1.1" 200 46 "-" "Mozilla/5.0 (X11; Linux x86_64) AppleWebKit/537.36 (KHTML, like Gecko) Chrome/81.0.4044.92 Safari/537.36"
::1 - - [18/Jun/2020:04:13:01 +0000] "GET /game/twist/5eeae31e333ced15a630c38a/p1 HTTP/1.1" 200 34 "-" "Mozilla/5.0 (X11; Linux x86_64) AppleWebKit/537.36 (KHTML, like Gecko) Chrome/81.0.4044.92 Safari/537.36"
::1 - - [18/Jun/2020:04:15:38 +0000] "POST /game/new_game?player_count=2 HTTP/1.1" 201 702 "-" "Mozilla/5.0 (X11; Linux x86_64) AppleWebKit/537.36 (KHTML, like Gecko) Chrome/81.0.4044.92 Safari/537.36"
::1 - - [18/Jun/2020:04:17:53 +0000] "GET /game/twist/5eeaea6a35112e336ad3b5e3/p1 HTTP/1.1" - - "-" "Mozilla/5.0 (X11; Linux x86_64) AppleWebKit/537.36 (KHTML, like Gecko) Chrome/81.0.4044.92 Safari/537.36"
::1 - - [18/Jun/2020:04:24:35 +0000] "GET /game/twist/5eeaea6a35112e336ad3b5e3/p1 HTTP/1.1" 200 46 "-" "Mozilla/5.0 (X11; Linux x86_64) AppleWebKit/537.36 (KHTML, like Gecko) Chrome/81.0.4044.92 Safari/537.36"
::1 - - [18/Jun/2020:04:24:54 +0000] "GET /game/twist/5eeaea6a35112e336ad3b5e3/p2 HTTP/1.1" 200 46 "-" "Mozilla/5.0 (X11; Linux x86_64) AppleWebKit/537.36 (KHTML, like Gecko) Chrome/81.0.4044.92 Safari/537.36"
::1 - - [18/Jun/2020:04:25:03 +0000] "POST /game/new_game?player_count=2 HTTP/1.1" 201 702 "-" "Mozilla/5.0 (X11; Linux x86_64) AppleWebKit/537.36 (KHTML, like Gecko) Chrome/81.0.4044.92 Safari/537.36"
::1 - - [18/Jun/2020:04:25:52 +0000] "GET /game/twist/5eeaec9eddbf173b30c70bfe/p2 HTTP/1.1" 200 46 "-" "Mozilla/5.0 (X11; Linux x86_64) AppleWebKit/537.36 (KHTML, like Gecko) Chrome/81.0.4044.92 Safari/537.36"
::1 - - [18/Jun/2020:04:27:35 +0000] "GET /game/twist/5eeaec9eddbf173b30c70bfe/p1 HTTP/1.1" 200 46 "-" "Mozilla/5.0 (X11; Linux x86_64) AppleWebKit/537.36 (KHTML, like Gecko) Chrome/81.0.4044.92 Safari/537.36"
::1 - - [18/Jun/2020:04:29:22 +0000] "POST /game/new_game?player_count=2 HTTP/1.1" 201 701 "-" "Mozilla/5.0 (X11; Linux x86_64) AppleWebKit/537.36 (KHTML, like Gecko) Chrome/81.0.4044.92 Safari/537.36"
::1 - - [18/Jun/2020:04:31:42 +0000] "GET /game/twist/5eeaeda2fb1edd3fe75d7759/p2 HTTP/1.1" 200 46 "-" "Mozilla/5.0 (X11; Linux x86_64) AppleWebKit/537.36 (KHTML, like Gecko) Chrome/81.0.4044.92 Safari/537.36"
::1 - - [18/Jun/2020:04:31:53 +0000] "GET /game/twist/5eeaeda2fb1edd3fe75d7759/p2 HTTP/1.1" 200 46 "-" "Mozilla/5.0 (X11; Linux x86_64) AppleWebKit/537.36 (KHTML, like Gecko) Chrome/81.0.4044.92 Safari/537.36"
::1 - - [18/Jun/2020:04:32:22 +0000] "POST /game/new_game?player_count=2 HTTP/1.1" 201 692 "-" "Mozilla/5.0 (X11; Linux x86_64) AppleWebKit/537.36 (KHTML, like Gecko) Chrome/81.0.4044.92 Safari/537.36"
::1 - - [18/Jun/2020:04:35:29 +0000] "GET /game/twist/5eeaee55ea14ef42bdd2f1c2/p1 HTTP/1.1" - - "-" "Mozilla/5.0 (X11; Linux x86_64) AppleWebKit/537.36 (KHTML, like Gecko) Chrome/81.0.4044.92 Safari/537.36"
::1 - - [18/Jun/2020:04:37:27 +0000] "POST /game/new_game?player_count=2 HTTP/1.1" 201 689 "-" "Mozilla/5.0 (X11; Linux x86_64) AppleWebKit/537.36 (KHTML, like Gecko) Chrome/81.0.4044.92 Safari/537.36"
::1 - - [18/Jun/2020:04:39:41 +0000] "GET /game/twist/5eeaef872b237947b0214220/p1 HTTP/1.1" - - "-" "Mozilla/5.0 (X11; Linux x86_64) AppleWebKit/537.36 (KHTML, like Gecko) Chrome/81.0.4044.92 Safari/537.36"
::1 - - [18/Jun/2020:04:47:38 +0000] "GET /game/twist/5eeaef872b237947b0214220/p2 HTTP/1.1" 200 46 "-" "Mozilla/5.0 (X11; Linux x86_64) AppleWebKit/537.36 (KHTML, like Gecko) Chrome/81.0.4044.92 Safari/537.36"
::1 - - [18/Jun/2020:04:48:01 +0000] "POST /game/new_game?player_count=2 HTTP/1.1" 201 704 "-" "Mozilla/5.0 (X11; Linux x86_64) AppleWebKit/537.36 (KHTML, like Gecko) Chrome/81.0.4044.92 Safari/537.36"
::1 - - [18/Jun/2020:04:50:47 +0000] "POST /game/new_game?player_count=2 HTTP/1.1" 201 692 "-" "Mozilla/5.0 (X11; Linux x86_64) AppleWebKit/537.36 (KHTML, like Gecko) Chrome/81.0.4044.92 Safari/537.36"
::1 - - [18/Jun/2020:04:51:34 +0000] "POST /game/new_game?player_count=2 HTTP/1.1" 201 696 "-" "Mozilla/5.0 (X11; Linux x86_64) AppleWebKit/537.36 (KHTML, like Gecko) Chrome/81.0.4044.92 Safari/537.36"
::1 - - [18/Jun/2020:04:51:57 +0000] "POST /game/new_game?player_count=2 HTTP/1.1" 201 695 "-" "Mozilla/5.0 (X11; Linux x86_64) AppleWebKit/537.36 (KHTML, like Gecko) Chrome/81.0.4044.92 Safari/537.36"
::1 - - [18/Jun/2020:04:52:17 +0000] "POST /game/new_game?player_count=2 HTTP/1.1" 201 694 "-" "Mozilla/5.0 (X11; Linux x86_64) AppleWebKit/537.36 (KHTML, like Gecko) Chrome/81.0.4044.92 Safari/537.36"
::1 - - [18/Jun/2020:04:52:31 +0000] "POST /game/new_game?player_count=2 HTTP/1.1" 201 705 "-" "Mozilla/5.0 (X11; Linux x86_64) AppleWebKit/537.36 (KHTML, like Gecko) Chrome/81.0.4044.92 Safari/537.36"
::1 - - [18/Jun/2020:04:52:51 +0000] "POST /game/new_game?player_count=2 HTTP/1.1" 201 695 "-" "Mozilla/5.0 (X11; Linux x86_64) AppleWebKit/537.36 (KHTML, like Gecko) Chrome/81.0.4044.92 Safari/537.36"
::1 - - [18/Jun/2020:04:54:13 +0000] "POST /game/new_game?player_count=2 HTTP/1.1" 201 700 "-" "Mozilla/5.0 (X11; Linux x86_64) AppleWebKit/537.36 (KHTML, like Gecko) Chrome/81.0.4044.92 Safari/537.36"
::1 - - [18/Jun/2020:05:01:55 +0000] "POST /game/new_game?player_count=2 HTTP/1.1" 201 692 "-" "Mozilla/5.0 (X11; Linux x86_64) AppleWebKit/537.36 (KHTML, like Gecko) Chrome/81.0.4044.92 Safari/537.36"
::1 - - [18/Jun/2020:05:02:19 +0000] "POST /game/new_game?player_count=2 HTTP/1.1" 201 701 "-" "Mozilla/5.0 (X11; Linux x86_64) AppleWebKit/537.36 (KHTML, like Gecko) Chrome/81.0.4044.92 Safari/537.36"
::1 - - [18/Jun/2020:05:03:46 +0000] "POST /game/new_game?player_count=2 HTTP/1.1" 201 686 "-" "Mozilla/5.0 (X11; Linux x86_64) AppleWebKit/537.36 (KHTML, like Gecko) Chrome/81.0.4044.92 Safari/537.36"
::1 - - [18/Jun/2020:05:04:00 +0000] "POST /game/new_game?player_count=2 HTTP/1.1" 201 705 "-" "Mozilla/5.0 (X11; Linux x86_64) AppleWebKit/537.36 (KHTML, like Gecko) Chrome/81.0.4044.92 Safari/537.36"
::1 - - [18/Jun/2020:05:05:41 +0000] "POST /game/new_game?player_count=2 HTTP/1.1" - - "-" "Mozilla/5.0 (X11; Linux x86_64) AppleWebKit/537.36 (KHTML, like Gecko) Chrome/81.0.4044.92 Safari/537.36"
::1 - - [18/Jun/2020:05:07:43 +0000] "POST /game/new_game?player_count=2 HTTP/1.1" 201 689 "-" "Mozilla/5.0 (X11; Linux x86_64) AppleWebKit/537.36 (KHTML, like Gecko) Chrome/81.0.4044.92 Safari/537.36"
::1 - - [18/Jun/2020:05:08:05 +0000] "POST /game/new_game?player_count=2 HTTP/1.1" 201 693 "-" "Mozilla/5.0 (X11; Linux x86_64) AppleWebKit/537.36 (KHTML, like Gecko) Chrome/81.0.4044.92 Safari/537.36"
::1 - - [18/Jun/2020:05:12:12 +0000] "POST /game/new_game?player_count=2 HTTP/1.1" - - "-" "Mozilla/5.0 (X11; Linux x86_64) AppleWebKit/537.36 (KHTML, like Gecko) Chrome/81.0.4044.92 Safari/537.36"
::1 - - [18/Jun/2020:05:13:51 +0000] "POST /game/new_game?player_count=2 HTTP/1.1" 201 699 "-" "Mozilla/5.0 (X11; Linux x86_64) AppleWebKit/537.36 (KHTML, like Gecko) Chrome/81.0.4044.92 Safari/537.36"
::1 - - [18/Jun/2020:05:14:09 +0000] "POST /game/new_game?player_count=2 HTTP/1.1" 201 694 "-" "Mozilla/5.0 (X11; Linux x86_64) AppleWebKit/537.36 (KHTML, like Gecko) Chrome/81.0.4044.92 Safari/537.36"
::1 - - [18/Jun/2020:05:15:42 +0000] "POST /game/new_game?player_count=2 HTTP/1.1" 201 690 "-" "Mozilla/5.0 (X11; Linux x86_64) AppleWebKit/537.36 (KHTML, like Gecko) Chrome/81.0.4044.92 Safari/537.36"
::1 - - [18/Jun/2020:05:15:52 +0000] "POST /game/new_game?player_count=2 HTTP/1.1" 201 695 "-" "Mozilla/5.0 (X11; Linux x86_64) AppleWebKit/537.36 (KHTML, like Gecko) Chrome/81.0.4044.92 Safari/537.36"
::1 - - [18/Jun/2020:05:16:06 +0000] "POST /game/new_game?player_count=2 HTTP/1.1" 201 694 "-" "Mozilla/5.0 (X11; Linux x86_64) AppleWebKit/537.36 (KHTML, like Gecko) Chrome/81.0.4044.92 Safari/537.36"
::1 - - [18/Jun/2020:05:21:52 +0000] "POST /game/new_game?player_count=2 HTTP/1.1" 201 699 "-" "Mozilla/5.0 (X11; Linux x86_64) AppleWebKit/537.36 (KHTML, like Gecko) Chrome/81.0.4044.92 Safari/537.36"
::1 - - [18/Jun/2020:05:23:41 +0000] "GET /game/twist/5eeaf895eda0cb6cf1488425/p1 HTTP/1.1" 200 311 "-" "Mozilla/5.0 (X11; Linux x86_64) AppleWebKit/537.36 (KHTML, like Gecko) Chrome/81.0.4044.92 Safari/537.36"
::1 - - [18/Jun/2020:05:24:10 +0000] "GET /game/twist/5eeaf9f0eda0cb6cf148842c/p1 HTTP/1.1" 200 260 "-" "Mozilla/5.0 (X11; Linux x86_64) AppleWebKit/537.36 (KHTML, like Gecko) Chrome/81.0.4044.92 Safari/537.36"
::1 - - [18/Jun/2020:05:24:16 +0000] "GET /game/twist/5eeaf9f0eda0cb6cf148842c/p1 HTTP/1.1" 200 309 "-" "Mozilla/5.0 (X11; Linux x86_64) AppleWebKit/537.36 (KHTML, like Gecko) Chrome/81.0.4044.92 Safari/537.36"
::1 - - [18/Jun/2020:05:24:30 +0000] "GET /game/twist/5eeaf9f0eda0cb6cf148842c/p1 HTTP/1.1" 200 358 "-" "Mozilla/5.0 (X11; Linux x86_64) AppleWebKit/537.36 (KHTML, like Gecko) Chrome/81.0.4044.92 Safari/537.36"
::1 - - [18/Jun/2020:05:52:17 +0000] "GET /game/twist/p1 HTTP/1.1" 404 152 "-" "Mozilla/5.0 (X11; Linux x86_64) AppleWebKit/537.36 (KHTML, like Gecko) Chrome/81.0.4044.92 Safari/537.36"
::1 - - [18/Jun/2020:05:52:28 +0000] "GET /game/p1 HTTP/1.1" 200 191 "-" "Mozilla/5.0 (X11; Linux x86_64) AppleWebKit/537.36 (KHTML, like Gecko) Chrome/81.0.4044.92 Safari/537.36"
::1 - - [18/Jun/2020:05:53:25 +0000] "GET /game/p1 HTTP/1.1" 200 183 "-" "Mozilla/5.0 (X11; Linux x86_64) AppleWebKit/537.36 (KHTML, like Gecko) Chrome/81.0.4044.92 Safari/537.36"
::1 - - [18/Jun/2020:05:57:07 +0000] "GET /game/p0 HTTP/1.1" 404 30 "-" "Mozilla/5.0 (X11; Linux x86_64) AppleWebKit/537.36 (KHTML, like Gecko) Chrome/81.0.4044.92 Safari/537.36"
::1 - - [18/Jun/2020:07:02:47 +0000] "GET /game/stand/5eeaf9f0eda0cb6cf148842c/p1 HTTP/1.1" 401 26 "-" "Mozilla/5.0 (X11; Linux x86_64) AppleWebKit/537.36 (KHTML, like Gecko) Chrome/81.0.4044.92 Safari/537.36"
::1 - - [18/Jun/2020:07:04:28 +0000] "GET /game/stand/5eeaf9f0eda0cb6cf148842c/p1 HTTP/1.1" - - "-" "Mozilla/5.0 (X11; Linux x86_64) AppleWebKit/537.36 (KHTML, like Gecko) Chrome/81.0.4044.92 Safari/537.36"
::1 - - [18/Jun/2020:08:16:05 +0000] "GET /game/stand/5eeaf9f0eda0cb6cf148842c/p0 HTTP/1.1" 404 29 "-" "Mozilla/5.0 (X11; Linux x86_64) AppleWebKit/537.36 (KHTML, like Gecko) Chrome/81.0.4044.92 Safari/537.36"
::1 - - [18/Jun/2020:08:16:20 +0000] "GET /game/stand/5eeaf9f0eda0cb6cf148842c/p1 HTTP/1.1" 500 21 "-" "Mozilla/5.0 (X11; Linux x86_64) AppleWebKit/537.36 (KHTML, like Gecko) Chrome/81.0.4044.92 Safari/537.36"
::1 - - [18/Jun/2020:08:17:40 +0000] "GET /game/stand/5eeaf9f0eda0cb6cf148842c/p1 HTTP/1.1" 500 21 "-" "Mozilla/5.0 (X11; Linux x86_64) AppleWebKit/537.36 (KHTML, like Gecko) Chrome/81.0.4044.92 Safari/537.36"
::1 - - [18/Jun/2020:08:21:45 +0000] "GET /game/stand/5eeaf9f0eda0cb6cf148842c/p1 HTTP/1.1" 200 907 "-" "Mozilla/5.0 (X11; Linux x86_64) AppleWebKit/537.36 (KHTML, like Gecko) Chrome/81.0.4044.92 Safari/537.36"
::1 - - [18/Jun/2020:08:36:30 +0000] "GET /game/stand/5eeaf9f0eda0cb6cf148842c/p1 HTTP/1.1" 404 44 "-" "Mozilla/5.0 (X11; Linux x86_64) AppleWebKit/537.36 (KHTML, like Gecko) Chrome/81.0.4044.92 Safari/537.36"
::1 - - [18/Jun/2020:08:37:06 +0000] "GET /game/stand/5eeaf9f0eda0cb6cf148842c/p1 HTTP/1.1" 404 44 "-" "Mozilla/5.0 (X11; Linux x86_64) AppleWebKit/537.36 (KHTML, like Gecko) Chrome/81.0.4044.92 Safari/537.36"
::1 - - [18/Jun/2020:08:37:36 +0000] "GET /game/stand/5eeaf9f0eda0cb6cf148842c/p2 HTTP/1.1" 200 359 "-" "Mozilla/5.0 (X11; Linux x86_64) AppleWebKit/537.36 (KHTML, like Gecko) Chrome/81.0.4044.92 Safari/537.36"
::1 - - [18/Jun/2020:08:38:43 +0000] "GET /game/stand/5eeaf9f0eda0cb6cf148842c/p2 HTTP/1.1" 404 44 "-" "Mozilla/5.0 (X11; Linux x86_64) AppleWebKit/537.36 (KHTML, like Gecko) Chrome/81.0.4044.92 Safari/537.36"
::1 - - [18/Jun/2020:08:38:52 +0000] "POST /game/new_game?player_count=2 HTTP/1.1" 201 692 "-" "Mozilla/5.0 (X11; Linux x86_64) AppleWebKit/537.36 (KHTML, like Gecko) Chrome/81.0.4044.92 Safari/537.36"
::1 - - [18/Jun/2020:08:39:09 +0000] "GET /game/stand/5eeb281c952735021df3d52b/p2 HTTP/1.1" 200 17 "-" "Mozilla/5.0 (X11; Linux x86_64) AppleWebKit/537.36 (KHTML, like Gecko) Chrome/81.0.4044.92 Safari/537.36"
::1 - - [18/Jun/2020:08:40:18 +0000] "GET /game/stand/5eeb281c952735021df3d52b/p2 HTTP/1.1" 404 44 "-" "Mozilla/5.0 (X11; Linux x86_64) AppleWebKit/537.36 (KHTML, like Gecko) Chrome/81.0.4044.92 Safari/537.36"
::1 - - [18/Jun/2020:08:47:17 +0000] "GET /game/stand/5eeb281c952735021df3d52b/p2 HTTP/1.1" - - "-" "Mozilla/5.0 (X11; Linux x86_64) AppleWebKit/537.36 (KHTML, like Gecko) Chrome/81.0.4044.92 Safari/537.36"
::1 - - [18/Jun/2020:08:47:21 +0000] "GET /game/stand/5eeb281c952735021df3d52b/p2 HTTP/1.1" 200 39 "-" "Mozilla/5.0 (X11; Linux x86_64) AppleWebKit/537.36 (KHTML, like Gecko) Chrome/81.0.4044.92 Safari/537.36"
::1 - - [18/Jun/2020:08:48:50 +0000] "GET /game/twist/5eeb281c952735021df3d52b/p2 HTTP/1.1" 400 37 "-" "Mozilla/5.0 (X11; Linux x86_64) AppleWebKit/537.36 (KHTML, like Gecko) Chrome/81.0.4044.92 Safari/537.36"
::1 - - [18/Jun/2020:08:49:17 +0000] "GET /game/twist/5eeb281c952735021df3d52b/p2 HTTP/1.1" 400 37 "-" "Mozilla/5.0 (X11; Linux x86_64) AppleWebKit/537.36 (KHTML, like Gecko) Chrome/81.0.4044.92 Safari/537.36"
::1 - - [18/Jun/2020:08:54:25 +0000] "GET /game/twist/5eeb281c952735021df3d52b/p1 HTTP/1.1" 200 265 "-" "Mozilla/5.0 (X11; Linux x86_64) AppleWebKit/537.36 (KHTML, like Gecko) Chrome/81.0.4044.92 Safari/537.36"
::1 - - [18/Jun/2020:08:54:34 +0000] "GET /game/stand/5eeb281c952735021df3d52b/p1 HTTP/1.1" 200 265 "-" "Mozilla/5.0 (X11; Linux x86_64) AppleWebKit/537.36 (KHTML, like Gecko) Chrome/81.0.4044.92 Safari/537.36"
::1 - - [18/Jun/2020:08:55:41 +0000] "GET /game/twist/5eeb281c952735021df3d52b/p1 HTTP/1.1" 400 37 "-" "Mozilla/5.0 (X11; Linux x86_64) AppleWebKit/537.36 (KHTML, like Gecko) Chrome/81.0.4044.92 Safari/537.36"
::1 - - [18/Jun/2020:08:56:45 +0000] "GET /game/twist/5eeb281c952735021df3d52b/p1 HTTP/1.1" 400 37 "-" "Mozilla/5.0 (X11; Linux x86_64) AppleWebKit/537.36 (KHTML, like Gecko) Chrome/81.0.4044.92 Safari/537.36"
::1 - - [18/Jun/2020:08:58:32 +0000] "GET /game/stand/5eeb281c952735021df3d52b/p1 HTTP/1.1" 200 39 "-" "Mozilla/5.0 (X11; Linux x86_64) AppleWebKit/537.36 (KHTML, like Gecko) Chrome/81.0.4044.92 Safari/537.36"
::1 - - [18/Jun/2020:08:59:36 +0000] "GET /game/stand/5eeb281c952735021df3d52b/p1 HTTP/1.1" 200 39 "-" "Mozilla/5.0 (X11; Linux x86_64) AppleWebKit/537.36 (KHTML, like Gecko) Chrome/81.0.4044.92 Safari/537.36"
::1 - - [18/Jun/2020:09:04:09 +0000] "GET /game/stand/5eeb281c952735021df3d52b/p1 HTTP/1.1" 200 51 "-" "Mozilla/5.0 (X11; Linux x86_64) AppleWebKit/537.36 (KHTML, like Gecko) Chrome/81.0.4044.92 Safari/537.36"
::1 - - [18/Jun/2020:10:29:49 +0000] "GET /game/stand/5eeb281c952735021df3d52bdealer HTTP/1.1" 404 180 "-" "Mozilla/5.0 (X11; Linux x86_64) AppleWebKit/537.36 (KHTML, like Gecko) Chrome/81.0.4044.92 Safari/537.36"
::1 - - [18/Jun/2020:10:30:04 +0000] "GET /game/5eeb281c952735021df3d52bdealer HTTP/1.1" 404 30 "-" "Mozilla/5.0 (X11; Linux x86_64) AppleWebKit/537.36 (KHTML, like Gecko) Chrome/81.0.4044.92 Safari/537.36"
::1 - - [18/Jun/2020:10:40:58 +0000] "GET /game/5eeb281c952735021df3d52b/dealer HTTP/1.1" - - "-" "Mozilla/5.0 (X11; Linux x86_64) AppleWebKit/537.36 (KHTML, like Gecko) Chrome/81.0.4044.92 Safari/537.36"
::1 - - [18/Jun/2020:10:43:30 +0000] "GET /game/5eeb281c952735021df3d52b/dealer HTTP/1.1" 200 7343 "-" "Mozilla/5.0 (X11; Linux x86_64) AppleWebKit/537.36 (KHTML, like Gecko) Chrome/81.0.4044.92 Safari/537.36"
::1 - - [18/Jun/2020:10:45:46 +0000] "GET /game/5eeb281c952735021df3d52b/dealer HTTP/1.1" 200 7243 "-" "Mozilla/5.0 (X11; Linux x86_64) AppleWebKit/537.36 (KHTML, like Gecko) Chrome/81.0.4044.92 Safari/537.36"
::1 - - [18/Jun/2020:10:50:15 +0000] "GET /game/5eeb281c952735021df3d52b/dealer HTTP/1.1" - - "-" "Mozilla/5.0 (X11; Linux x86_64) AppleWebKit/537.36 (KHTML, like Gecko) Chrome/81.0.4044.92 Safari/537.36"
::1 - - [18/Jun/2020:11:06:21 +0000] "POST /game/new_game?player_count=2 HTTP/1.1" 201 691 "-" "Mozilla/5.0 (X11; Linux x86_64) AppleWebKit/537.36 (KHTML, like Gecko) Chrome/81.0.4044.92 Safari/537.36"
::1 - - [18/Jun/2020:11:06:45 +0000] "GET /game/stand/5eeb4aacf56fea6948bd712f/p1 HTTP/1.1" 200 231 "-" "Mozilla/5.0 (X11; Linux x86_64) AppleWebKit/537.36 (KHTML, like Gecko) Chrome/81.0.4044.92 Safari/537.36"
::1 - - [18/Jun/2020:11:06:58 +0000] "GET /game/stand/5eeb4aacf56fea6948bd712f/p2 HTTP/1.1" 200 21 "-" "Mozilla/5.0 (X11; Linux x86_64) AppleWebKit/537.36 (KHTML, like Gecko) Chrome/81.0.4044.92 Safari/537.36"
::1 - - [18/Jun/2020:11:13:01 +0000] "GET /game/stand/5eeb4aacf56fea6948bd712f/p2 HTTP/1.1" 200 51 "-" "Mozilla/5.0 (X11; Linux x86_64) AppleWebKit/537.36 (KHTML, like Gecko) Chrome/81.0.4044.92 Safari/537.36"
::1 - - [18/Jun/2020:11:14:20 +0000] "GET /game/stand/5eeb4aacf56fea6948bd712f/p2 HTTP/1.1" 200 44 "-" "Mozilla/5.0 (X11; Linux x86_64) AppleWebKit/537.36 (KHTML, like Gecko) Chrome/81.0.4044.92 Safari/537.36"
::1 - - [18/Jun/2020:11:14:31 +0000] "GET /game/5eeb4aacf56fea6948bd712f/dealer HTTP/1.1" 200 235 "-" "Mozilla/5.0 (X11; Linux x86_64) AppleWebKit/537.36 (KHTML, like Gecko) Chrome/81.0.4044.92 Safari/537.36"
::1 - - [18/Jun/2020:11:14:42 +0000] "GET /game/5eeb4aacf56fea6948bd712f/dealer HTTP/1.1" 200 238 "-" "Mozilla/5.0 (X11; Linux x86_64) AppleWebKit/537.36 (KHTML, like Gecko) Chrome/81.0.4044.92 Safari/537.36"
::1 - - [18/Jun/2020:11:14:47 +0000] "GET /game/5eeb4aacf56fea6948bd712f/dealer HTTP/1.1" 200 240 "-" "Mozilla/5.0 (X11; Linux x86_64) AppleWebKit/537.36 (KHTML, like Gecko) Chrome/81.0.4044.92 Safari/537.36"
::1 - - [18/Jun/2020:11:17:14 +0000] "GET /game/5eeb4aacf56fea6948bd712f/dealer HTTP/1.1" - - "-" "Mozilla/5.0 (X11; Linux x86_64) AppleWebKit/537.36 (KHTML, like Gecko) Chrome/81.0.4044.92 Safari/537.36"
::1 - - [18/Jun/2020:11:24:32 +0000] "GET /game/5eeb4aacf56fea6948bd712f/dealer HTTP/1.1" - - "-" "Mozilla/5.0 (X11; Linux x86_64) AppleWebKit/537.36 (KHTML, like Gecko) Chrome/81.0.4044.92 Safari/537.36"
::1 - - [18/Jun/2020:11:48:37 +0000] "GET /game/5eeb4aacf56fea6948bd712f/dealer HTTP/1.1" 200 999 "-" "Mozilla/5.0 (X11; Linux x86_64) AppleWebKit/537.36 (KHTML, like Gecko) Chrome/81.0.4044.92 Safari/537.36"
::1 - - [18/Jun/2020:11:52:34 +0000] "GET /game/5eeb4aacf56fea6948bd712f/dealer HTTP/1.1" 200 999 "-" "Mozilla/5.0 (X11; Linux x86_64) AppleWebKit/537.36 (KHTML, like Gecko) Chrome/81.0.4044.92 Safari/537.36"
::1 - - [18/Jun/2020:12:05:27 +0000] "GET /game/5eeb4aacf56fea6948bd712f/dealer HTTP/1.1" 200 999 "-" "Mozilla/5.0 (X11; Linux x86_64) AppleWebKit/537.36 (KHTML, like Gecko) Chrome/81.0.4044.92 Safari/537.36"
::1 - - [18/Jun/2020:12:26:13 +0000] "GET /game/5eeb4aacf56fea6948bd712f/dealer HTTP/1.1" 200 999 "-" "Mozilla/5.0 (X11; Linux x86_64) AppleWebKit/537.36 (KHTML, like Gecko) Chrome/81.0.4044.92 Safari/537.36"
::1 - - [18/Jun/2020:13:34:12 +0000] "POST /game/new_game?player_count=2 HTTP/1.1" 201 897 "-" "Mozilla/5.0 (X11; Linux x86_64) AppleWebKit/537.36 (KHTML, like Gecko) Chrome/81.0.4044.92 Safari/537.36"
::1 - - [18/Jun/2020:13:35:06 +0000] "POST /game/new_game?player_count=2 HTTP/1.1" 201 909 "-" "Mozilla/5.0 (X11; Linux x86_64) AppleWebKit/537.36 (KHTML, like Gecko) Chrome/81.0.4044.92 Safari/537.36"
::1 - - [18/Jun/2020:13:35:20 +0000] "POST /game/new_game?player_count=2 HTTP/1.1" 201 901 "-" "Mozilla/5.0 (X11; Linux x86_64) AppleWebKit/537.36 (KHTML, like Gecko) Chrome/81.0.4044.92 Safari/537.36"
::1 - - [18/Jun/2020:13:35:42 +0000] "POST /game/new_game?player_count=2 HTTP/1.1" 201 918 "-" "Mozilla/5.0 (X11; Linux x86_64) AppleWebKit/537.36 (KHTML, like Gecko) Chrome/81.0.4044.92 Safari/537.36"
::1 - - [18/Jun/2020:13:37:01 +0000] "POST /game/new_game?player_count=2 HTTP/1.1" 201 917 "-" "Mozilla/5.0 (X11; Linux x86_64) AppleWebKit/537.36 (KHTML, like Gecko) Chrome/81.0.4044.92 Safari/537.36"
::1 - - [18/Jun/2020:13:47:35 +0000] "POST /game/new_game?player_count=2 HTTP/1.1" 201 693 "-" "Mozilla/5.0 (X11; Linux x86_64) AppleWebKit/537.36 (KHTML, like Gecko) Chrome/81.0.4044.92 Safari/537.36"
::1 - - [18/Jun/2020:13:48:01 +0000] "POST /game/new_game?player_count=2 HTTP/1.1" 201 901 "-" "Mozilla/5.0 (X11; Linux x86_64) AppleWebKit/537.36 (KHTML, like Gecko) Chrome/81.0.4044.92 Safari/537.36"
::1 - - [18/Jun/2020:13:51:48 +0000] "POST /game/new_game?player_count=2 HTTP/1.1" 201 691 "-" "Mozilla/5.0 (X11; Linux x86_64) AppleWebKit/537.36 (KHTML, like Gecko) Chrome/81.0.4044.92 Safari/537.36"
::1 - - [18/Jun/2020:13:52:16 +0000] "POST /game/new_game?player_count=2 HTTP/1.1" 201 688 "-" "Mozilla/5.0 (X11; Linux x86_64) AppleWebKit/537.36 (KHTML, like Gecko) Chrome/81.0.4044.92 Safari/537.36"
::1 - - [18/Jun/2020:13:52:23 +0000] "GET /game/twist/5eeb7174840f3863188e59d8/p1 HTTP/1.1" 200 256 "-" "Mozilla/5.0 (X11; Linux x86_64) AppleWebKit/537.36 (KHTML, like Gecko) Chrome/81.0.4044.92 Safari/537.36"
::1 - - [18/Jun/2020:13:52:40 +0000] "GET /game/p1 HTTP/1.1" 200 183 "-" "Mozilla/5.0 (X11; Linux x86_64) AppleWebKit/537.36 (KHTML, like Gecko) Chrome/81.0.4044.92 Safari/537.36"
::1 - - [18/Jun/2020:13:52:47 +0000] "GET /game/stand/5eeb7174840f3863188e59d8/p1 HTTP/1.1" 200 35 "-" "Mozilla/5.0 (X11; Linux x86_64) AppleWebKit/537.36 (KHTML, like Gecko) Chrome/81.0.4044.92 Safari/537.36"
::1 - - [18/Jun/2020:13:54:47 +0000] "GET /game/stand/5eeb7174840f3863188e59d8/p1 HTTP/1.1" 200 44 "-" "Mozilla/5.0 (X11; Linux x86_64) AppleWebKit/537.36 (KHTML, like Gecko) Chrome/81.0.4044.92 Safari/537.36"
::1 - - [18/Jun/2020:13:55:58 +0000] "GET /game/stand/5eeb7174840f3863188e59d8/p2 HTTP/1.1" 200 21 "-" "Mozilla/5.0 (X11; Linux x86_64) AppleWebKit/537.36 (KHTML, like Gecko) Chrome/81.0.4044.92 Safari/537.36"
::1 - - [18/Jun/2020:13:56:55 +0000] "GET /game/stand/5eeb7174840f3863188e59d8/p2 HTTP/1.1" 200 44 "-" "Mozilla/5.0 (X11; Linux x86_64) AppleWebKit/537.36 (KHTML, like Gecko) Chrome/81.0.4044.92 Safari/537.36"
::1 - - [18/Jun/2020:13:57:09 +0000] "POST /game/new_game?player_count=2 HTTP/1.1" 201 693 "-" "Mozilla/5.0 (X11; Linux x86_64) AppleWebKit/537.36 (KHTML, like Gecko) Chrome/81.0.4044.92 Safari/537.36"
::1 - - [18/Jun/2020:13:57:25 +0000] "GET /game/twist/5eeb72b41e2f9f67021f5a10/p1 HTTP/1.1" 200 258 "-" "Mozilla/5.0 (X11; Linux x86_64) AppleWebKit/537.36 (KHTML, like Gecko) Chrome/81.0.4044.92 Safari/537.36"
::1 - - [18/Jun/2020:13:57:28 +0000] "GET /game/p1 HTTP/1.1" 200 183 "-" "Mozilla/5.0 (X11; Linux x86_64) AppleWebKit/537.36 (KHTML, like Gecko) Chrome/81.0.4044.92 Safari/537.36"
::1 - - [18/Jun/2020:13:57:31 +0000] "GET /game/stand/5eeb72b41e2f9f67021f5a10/p1 HTTP/1.1" 200 7453 "-" "Mozilla/5.0 (X11; Linux x86_64) AppleWebKit/537.36 (KHTML, like Gecko) Chrome/81.0.4044.92 Safari/537.36"
::1 - - [18/Jun/2020:14:00:18 +0000] "GET /game/stand/5eeb72b41e2f9f67021f5a10/p1 HTTP/1.1" 200 44 "-" "Mozilla/5.0 (X11; Linux x86_64) AppleWebKit/537.36 (KHTML, like Gecko) Chrome/81.0.4044.92 Safari/537.36"
::1 - - [18/Jun/2020:14:00:28 +0000] "GET /game/stand/5eeb72b41e2f9f67021f5a10/p2 HTTP/1.1" 200 229 "-" "Mozilla/5.0 (X11; Linux x86_64) AppleWebKit/537.36 (KHTML, like Gecko) Chrome/81.0.4044.92 Safari/537.36"
::1 - - [18/Jun/2020:14:00:52 +0000] "POST /game/new_game?player_count=2 HTTP/1.1" 201 697 "-" "Mozilla/5.0 (X11; Linux x86_64) AppleWebKit/537.36 (KHTML, like Gecko) Chrome/81.0.4044.92 Safari/537.36"
::1 - - [18/Jun/2020:14:01:05 +0000] "GET /game/stand/5eeb73949778fb68d414957f/p2 HTTP/1.1" 200 233 "-" "Mozilla/5.0 (X11; Linux x86_64) AppleWebKit/537.36 (KHTML, like Gecko) Chrome/81.0.4044.92 Safari/537.36"
::1 - - [18/Jun/2020:14:01:15 +0000] "GET /game/stand/5eeb73949778fb68d414957f/p1 HTTP/1.1" 200 232 "-" "Mozilla/5.0 (X11; Linux x86_64) AppleWebKit/537.36 (KHTML, like Gecko) Chrome/81.0.4044.92 Safari/537.36"
::1 - - [18/Jun/2020:14:02:21 +0000] "GET /game/5eeb73949778fb68d414957f/dealer HTTP/1.1" 200 232 "-" "Mozilla/5.0 (X11; Linux x86_64) AppleWebKit/537.36 (KHTML, like Gecko) Chrome/81.0.4044.92 Safari/537.36"
::1 - - [18/Jun/2020:14:02:32 +0000] "GET /game/5eeb73949778fb68d414957f/dealer HTTP/1.1" 200 233 "-" "Mozilla/5.0 (X11; Linux x86_64) AppleWebKit/537.36 (KHTML, like Gecko) Chrome/81.0.4044.92 Safari/537.36"
::1 - - [18/Jun/2020:14:02:47 +0000] "GET /game/5eeb73949778fb68d414957f/dealer HTTP/1.1" 200 240 "-" "Mozilla/5.0 (X11; Linux x86_64) AppleWebKit/537.36 (KHTML, like Gecko) Chrome/81.0.4044.92 Safari/537.36"
::1 - - [18/Jun/2020:14:02:51 +0000] "GET /game/5eeb73949778fb68d414957f/dealer HTTP/1.1" 200 1005 "-" "Mozilla/5.0 (X11; Linux x86_64) AppleWebKit/537.36 (KHTML, like Gecko) Chrome/81.0.4044.92 Safari/537.36"
::1 - - [18/Jun/2020:14:03:51 +0000] "GET /game/5eeb73949778fb68d414957f/dealer HTTP/1.1" 200 237 "-" "Mozilla/5.0 (X11; Linux x86_64) AppleWebKit/537.36 (KHTML, like Gecko) Chrome/81.0.4044.92 Safari/537.36"
::1 - - [18/Jun/2020:14:04:31 +0000] "POST /game/new_game?player_count=2 HTTP/1.1" 201 695 "-" "Mozilla/5.0 (X11; Linux x86_64) AppleWebKit/537.36 (KHTML, like Gecko) Chrome/81.0.4044.92 Safari/537.36"
::1 - - [18/Jun/2020:14:04:46 +0000] "GET /game/twist/5eeb746e9601ac6a8ca46a8f/p1 HTTP/1.1" 200 261 "-" "Mozilla/5.0 (X11; Linux x86_64) AppleWebKit/537.36 (KHTML, like Gecko) Chrome/81.0.4044.92 Safari/537.36"
::1 - - [18/Jun/2020:14:04:51 +0000] "GET /game/stand/5eeb746e9601ac6a8ca46a8f/p1 HTTP/1.1" 200 280 "-" "Mozilla/5.0 (X11; Linux x86_64) AppleWebKit/537.36 (KHTML, like Gecko) Chrome/81.0.4044.92 Safari/537.36"
::1 - - [18/Jun/2020:14:05:01 +0000] "GET /game/stand/5eeb746e9601ac6a8ca46a8f/p2 HTTP/1.1" 200 232 "-" "Mozilla/5.0 (X11; Linux x86_64) AppleWebKit/537.36 (KHTML, like Gecko) Chrome/81.0.4044.92 Safari/537.36"
::1 - - [18/Jun/2020:14:05:08 +0000] "GET /game/5eeb746e9601ac6a8ca46a8f/dealer HTTP/1.1" 200 240 "-" "Mozilla/5.0 (X11; Linux x86_64) AppleWebKit/537.36 (KHTML, like Gecko) Chrome/81.0.4044.92 Safari/537.36"
::1 - - [18/Jun/2020:14:06:35 +0000] "GET /game/5eeb746e9601ac6a8ca46a8f/dealer HTTP/1.1" - - "-" "Mozilla/5.0 (X11; Linux x86_64) AppleWebKit/537.36 (KHTML, like Gecko) Chrome/81.0.4044.92 Safari/537.36"
::1 - - [18/Jun/2020:14:14:43 +0000] "GET /game/5eeb746e9601ac6a8ca46a8f/dealer HTTP/1.1" 200 689 "-" "Mozilla/5.0 (X11; Linux x86_64) AppleWebKit/537.36 (KHTML, like Gecko) Chrome/81.0.4044.92 Safari/537.36"
::1 - - [18/Jun/2020:14:23:14 +0000] "GET /game/5eeb746e9601ac6a8ca46a8f/dealer HTTP/1.1" 200 690 "-" "Mozilla/5.0 (X11; Linux x86_64) AppleWebKit/537.36 (KHTML, like Gecko) Chrome/81.0.4044.92 Safari/537.36"
::1 - - [18/Jun/2020:14:43:51 +0000] "POST /game/new_game?player_count=2 HTTP/1.1" 201 695 "-" "Mozilla/5.0 (X11; Linux x86_64) AppleWebKit/537.36 (KHTML, like Gecko) Chrome/81.0.4044.92 Safari/537.36"
::1 - - [18/Jun/2020:14:44:10 +0000] "GET /game/twist/5eeb7da72811657b270d2155/p1 HTTP/1.1" 200 264 "-" "Mozilla/5.0 (X11; Linux x86_64) AppleWebKit/537.36 (KHTML, like Gecko) Chrome/81.0.4044.92 Safari/537.36"
::1 - - [18/Jun/2020:14:44:29 +0000] "GET /game/5eeb7da72811657b270d2155/dealer HTTP/1.1" 400 57 "-" "Mozilla/5.0 (X11; Linux x86_64) AppleWebKit/537.36 (KHTML, like Gecko) Chrome/81.0.4044.92 Safari/537.36"
::1 - - [18/Jun/2020:14:44:46 +0000] "GET /game/twist/5eeb7da72811657b270d2155/p2 HTTP/1.1" 200 59 "-" "Mozilla/5.0 (X11; Linux x86_64) AppleWebKit/537.36 (KHTML, like Gecko) Chrome/81.0.4044.92 Safari/537.36"
::1 - - [18/Jun/2020:14:44:55 +0000] "GET /game/stand/5eeb7da72811657b270d2155/p2 HTTP/1.1" 200 231 "-" "Mozilla/5.0 (X11; Linux x86_64) AppleWebKit/537.36 (KHTML, like Gecko) Chrome/81.0.4044.92 Safari/537.36"
::1 - - [18/Jun/2020:14:45:23 +0000] "GET /game/twist/5eeb7da72811657b270d2155/p2 HTTP/1.1" 200 59 "-" "Mozilla/5.0 (X11; Linux x86_64) AppleWebKit/537.36 (KHTML, like Gecko) Chrome/81.0.4044.92 Safari/537.36"
::1 - - [18/Jun/2020:14:45:44 +0000] "GET /game/twist/5eeb7da72811657b270d2155/p2 HTTP/1.1" 200 59 "-" "Mozilla/5.0 (X11; Linux x86_64) AppleWebKit/537.36 (KHTML, like Gecko) Chrome/81.0.4044.92 Safari/537.36"
::1 - - [18/Jun/2020:14:45:52 +0000] "GET /game/twist/5eeb7da72811657b270d2155/p2 HTTP/1.1" 200 59 "-" "Mozilla/5.0 (X11; Linux x86_64) AppleWebKit/537.36 (KHTML, like Gecko) Chrome/81.0.4044.92 Safari/537.36"
::1 - - [18/Jun/2020:14:46:01 +0000] "GET /game/stand/5eeb7da72811657b270d2155/p2 HTTP/1.1" 200 58 "-" "Mozilla/5.0 (X11; Linux x86_64) AppleWebKit/537.36 (KHTML, like Gecko) Chrome/81.0.4044.92 Safari/537.36"
::1 - - [18/Jun/2020:14:46:06 +0000] "GET /game/5eeb7da72811657b270d2155/dealer HTTP/1.1" 200 244 "-" "Mozilla/5.0 (X11; Linux x86_64) AppleWebKit/537.36 (KHTML, like Gecko) Chrome/81.0.4044.92 Safari/537.36"
::1 - - [18/Jun/2020:14:49:59 +0000] "POST /game/new_game?player_count=2 HTTP/1.1" 201 702 "-" "Mozilla/5.0 (X11; Linux x86_64) AppleWebKit/537.36 (KHTML, like Gecko) Chrome/81.0.4044.92 Safari/537.36"
::1 - - [18/Jun/2020:14:50:14 +0000] "GET /game/twist/5eeb7f17557b4c7dba0cc127/p2 HTTP/1.1" 200 259 "-" "Mozilla/5.0 (X11; Linux x86_64) AppleWebKit/537.36 (KHTML, like Gecko) Chrome/81.0.4044.92 Safari/537.36"
::1 - - [18/Jun/2020:14:50:17 +0000] "GET /game/twist/5eeb7f17557b4c7dba0cc127/p2 HTTP/1.1" 200 305 "-" "Mozilla/5.0 (X11; Linux x86_64) AppleWebKit/537.36 (KHTML, like Gecko) Chrome/81.0.4044.92 Safari/537.36"
::1 - - [18/Jun/2020:14:50:22 +0000] "GET /game/stand/5eeb7f17557b4c7dba0cc127/p2 HTTP/1.1" 200 324 "-" "Mozilla/5.0 (X11; Linux x86_64) AppleWebKit/537.36 (KHTML, like Gecko) Chrome/81.0.4044.92 Safari/537.36"
::1 - - [18/Jun/2020:14:50:33 +0000] "GET /game/twist/5eeb7f17557b4c7dba0cc127/p1 HTTP/1.1" 200 258 "-" "Mozilla/5.0 (X11; Linux x86_64) AppleWebKit/537.36 (KHTML, like Gecko) Chrome/81.0.4044.92 Safari/537.36"
::1 - - [18/Jun/2020:14:52:13 +0000] "GET /game/5eeb7f17557b4c7dba0cc127/dealer HTTP/1.1" 200 782 "-" "Mozilla/5.0 (X11; Linux x86_64) AppleWebKit/537.36 (KHTML, like Gecko) Chrome/81.0.4044.92 Safari/537.36"
::1 - - [18/Jun/2020:14:52:31 +0000] "POST /game/new_game?player_count=2 HTTP/1.1" 201 695 "-" "Mozilla/5.0 (X11; Linux x86_64) AppleWebKit/537.36 (KHTML, like Gecko) Chrome/81.0.4044.92 Safari/537.36"
::1 - - [18/Jun/2020:14:52:47 +0000] "GET /game/twist/5eeb7faf9f692d0141ac7910/p1 HTTP/1.1" 200 257 "-" "Mozilla/5.0 (X11; Linux x86_64) AppleWebKit/537.36 (KHTML, like Gecko) Chrome/81.0.4044.92 Safari/537.36"
::1 - - [18/Jun/2020:14:52:51 +0000] "GET /game/stand/5eeb7faf9f692d0141ac7910/p1 HTTP/1.1" 200 276 "-" "Mozilla/5.0 (X11; Linux x86_64) AppleWebKit/537.36 (KHTML, like Gecko) Chrome/81.0.4044.92 Safari/537.36"
::1 - - [18/Jun/2020:14:52:58 +0000] "GET /game/5eeb7faf9f692d0141ac7910/dealer HTTP/1.1" 400 57 "-" "Mozilla/5.0 (X11; Linux x86_64) AppleWebKit/537.36 (KHTML, like Gecko) Chrome/81.0.4044.92 Safari/537.36"
::1 - - [18/Jun/2020:14:53:10 +0000] "GET /game/twist/5eeb7faf9f692d0141ac7910/p2 HTTP/1.1" 400 49 "-" "Mozilla/5.0 (X11; Linux x86_64) AppleWebKit/537.36 (KHTML, like Gecko) Chrome/81.0.4044.92 Safari/537.36"
::1 - - [18/Jun/2020:15:02:31 +0000] "POST /game/new_game?player_count=2 HTTP/1.1" 201 694 "-" "Mozilla/5.0 (X11; Linux x86_64) AppleWebKit/537.36 (KHTML, like Gecko) Chrome/81.0.4044.92 Safari/537.36"
::1 - - [18/Jun/2020:15:04:23 +0000] "GET /game/twist/5eeb820742b12705918b0a7a/p2 HTTP/1.1" 200 259 "-" "Mozilla/5.0 (X11; Linux x86_64) AppleWebKit/537.36 (KHTML, like Gecko) Chrome/81.0.4044.92 Safari/537.36"
::1 - - [18/Jun/2020:15:04:27 +0000] "GET /game/twist/5eeb820742b12705918b0a7a/p2 HTTP/1.1" 200 311 "-" "Mozilla/5.0 (X11; Linux x86_64) AppleWebKit/537.36 (KHTML, like Gecko) Chrome/81.0.4044.92 Safari/537.36"
::1 - - [18/Jun/2020:15:04:33 +0000] "GET /game/stand/5eeb820742b12705918b0a7a/p2 HTTP/1.1" 200 330 "-" "Mozilla/5.0 (X11; Linux x86_64) AppleWebKit/537.36 (KHTML, like Gecko) Chrome/81.0.4044.92 Safari/537.36"
::1 - - [18/Jun/2020:15:04:45 +0000] "GET /game/twist/5eeb820742b12705918b0a7a/p1 HTTP/1.1" 200 257 "-" "Mozilla/5.0 (X11; Linux x86_64) AppleWebKit/537.36 (KHTML, like Gecko) Chrome/81.0.4044.92 Safari/537.36"
::1 - - [18/Jun/2020:15:04:49 +0000] "GET /game/twist/5eeb820742b12705918b0a7a/p1 HTTP/1.1" 200 304 "-" "Mozilla/5.0 (X11; Linux x86_64) AppleWebKit/537.36 (KHTML, like Gecko) Chrome/81.0.4044.92 Safari/537.36"
::1 - - [18/Jun/2020:15:04:54 +0000] "GET /game/twist/5eeb820742b12705918b0a7a/p1 HTTP/1.1" 200 353 "-" "Mozilla/5.0 (X11; Linux x86_64) AppleWebKit/537.36 (KHTML, like Gecko) Chrome/81.0.4044.92 Safari/537.36"
::1 - - [18/Jun/2020:15:06:46 +0000] "GET /game/twist/5eeb820742b12705918b0a7a/p1 HTTP/1.1" 200 401 "-" "Mozilla/5.0 (X11; Linux x86_64) AppleWebKit/537.36 (KHTML, like Gecko) Chrome/81.0.4044.92 Safari/537.36"
::1 - - [18/Jun/2020:15:07:18 +0000] "GET /game/twist/5eeb820742b12705918b0a7a/p1 HTTP/1.1" 200 449 "-" "Mozilla/5.0 (X11; Linux x86_64) AppleWebKit/537.36 (KHTML, like Gecko) Chrome/81.0.4044.92 Safari/537.36"
::1 - - [18/Jun/2020:15:07:29 +0000] "POST /game/new_game?player_count=2 HTTP/1.1" 201 696 "-" "Mozilla/5.0 (X11; Linux x86_64) AppleWebKit/537.36 (KHTML, like Gecko) Chrome/81.0.4044.92 Safari/537.36"
::1 - - [18/Jun/2020:15:08:09 +0000] "GET /game/twist/5eeb8331e83fd2089eb2977f/p1 HTTP/1.1" 200 257 "-" "Mozilla/5.0 (X11; Linux x86_64) AppleWebKit/537.36 (KHTML, like Gecko) Chrome/81.0.4044.92 Safari/537.36"
::1 - - [18/Jun/2020:15:08:21 +0000] "GET /game/twist/5eeb8331e83fd2089eb2977f/p2 HTTP/1.1" 200 59 "-" "Mozilla/5.0 (X11; Linux x86_64) AppleWebKit/537.36 (KHTML, like Gecko) Chrome/81.0.4044.92 Safari/537.36"
::1 - - [18/Jun/2020:15:21:11 +0000] "GET /game/twist/5eeb8331e83fd2089eb2977f/p2 HTTP/1.1" 200 258 "-" "Mozilla/5.0 (X11; Linux x86_64) AppleWebKit/537.36 (KHTML, like Gecko) Chrome/81.0.4044.92 Safari/537.36"
::1 - - [18/Jun/2020:15:21:18 +0000] "GET /game/stand/5eeb8331e83fd2089eb2977f/p2 HTTP/1.1" 200 277 "-" "Mozilla/5.0 (X11; Linux x86_64) AppleWebKit/537.36 (KHTML, like Gecko) Chrome/81.0.4044.92 Safari/537.36"
::1 - - [18/Jun/2020:15:21:29 +0000] "GET /game/twist/5eeb8331e83fd2089eb2977f/p1 HTTP/1.1" 200 59 "-" "Mozilla/5.0 (X11; Linux x86_64) AppleWebKit/537.36 (KHTML, like Gecko) Chrome/81.0.4044.92 Safari/537.36"
::1 - - [18/Jun/2020:15:21:47 +0000] "GET /game/5eeb8331e83fd2089eb2977f/dealer HTTP/1.1" 200 233 "-" "Mozilla/5.0 (X11; Linux x86_64) AppleWebKit/537.36 (KHTML, like Gecko) Chrome/81.0.4044.92 Safari/537.36"
::1 - - [18/Jun/2020:15:21:51 +0000] "GET /game/5eeb8331e83fd2089eb2977f/dealer HTTP/1.1" 200 240 "-" "Mozilla/5.0 (X11; Linux x86_64) AppleWebKit/537.36 (KHTML, like Gecko) Chrome/81.0.4044.92 Safari/537.36"
::1 - - [18/Jun/2020:15:21:54 +0000] "GET /game/5eeb8331e83fd2089eb2977f/dealer HTTP/1.1" 200 240 "-" "Mozilla/5.0 (X11; Linux x86_64) AppleWebKit/537.36 (KHTML, like Gecko) Chrome/81.0.4044.92 Safari/537.36"
::1 - - [18/Jun/2020:15:21:56 +0000] "GET /game/5eeb8331e83fd2089eb2977f/dealer HTTP/1.1" 200 236 "-" "Mozilla/5.0 (X11; Linux x86_64) AppleWebKit/537.36 (KHTML, like Gecko) Chrome/81.0.4044.92 Safari/537.36"
::1 - - [18/Jun/2020:15:22:01 +0000] "GET /game/5eeb8331e83fd2089eb2977f/dealer HTTP/1.1" 200 232 "-" "Mozilla/5.0 (X11; Linux x86_64) AppleWebKit/537.36 (KHTML, like Gecko) Chrome/81.0.4044.92 Safari/537.36"
::1 - - [18/Jun/2020:15:23:01 +0000] "GET /game/5eeb8331e83fd2089eb2977f/dealer HTTP/1.1" 200 332 "-" "Mozilla/5.0 (X11; Linux x86_64) AppleWebKit/537.36 (KHTML, like Gecko) Chrome/81.0.4044.92 Safari/537.36"
::1 - - [18/Jun/2020:15:25:54 +0000] "GET /game/5eeb8331e83fd2089eb2977f/dealer HTTP/1.1" 200 7048 "-" "Mozilla/5.0 (X11; Linux x86_64) AppleWebKit/537.36 (KHTML, like Gecko) Chrome/81.0.4044.92 Safari/537.36"
::1 - - [18/Jun/2020:15:26:27 +0000] "GET /game/5eeb8331e83fd2089eb2977f/dealer HTTP/1.1" 200 7048 "-" "Mozilla/5.0 (X11; Linux x86_64) AppleWebKit/537.36 (KHTML, like Gecko) Chrome/81.0.4044.92 Safari/537.36"
::1 - - [18/Jun/2020:15:26:34 +0000] "POST /game/new_game?player_count=2 HTTP/1.1" 201 692 "-" "Mozilla/5.0 (X11; Linux x86_64) AppleWebKit/537.36 (KHTML, like Gecko) Chrome/81.0.4044.92 Safari/537.36"
::1 - - [18/Jun/2020:15:26:48 +0000] "GET /game/stand/5eeb87aa390131130235c07c/p1 HTTP/1.1" 200 231 "-" "Mozilla/5.0 (X11; Linux x86_64) AppleWebKit/537.36 (KHTML, like Gecko) Chrome/81.0.4044.92 Safari/537.36"
::1 - - [18/Jun/2020:15:27:01 +0000] "GET /game/stand/5eeb87aa390131130235c07c/p2 HTTP/1.1" 200 231 "-" "Mozilla/5.0 (X11; Linux x86_64) AppleWebKit/537.36 (KHTML, like Gecko) Chrome/81.0.4044.92 Safari/537.36"
::1 - - [18/Jun/2020:15:27:41 +0000] "GET /game/5eeb87aa390131130235c07c/dealer HTTP/1.1" 200 285 "-" "Mozilla/5.0 (X11; Linux x86_64) AppleWebKit/537.36 (KHTML, like Gecko) Chrome/81.0.4044.92 Safari/537.36"
::1 - - [18/Jun/2020:15:27:48 +0000] "GET /game/5eeb87aa390131130235c07c/dealer HTTP/1.1" 200 282 "-" "Mozilla/5.0 (X11; Linux x86_64) AppleWebKit/537.36 (KHTML, like Gecko) Chrome/81.0.4044.92 Safari/537.36"
::1 - - [18/Jun/2020:15:28:21 +0000] "GET /game/5eeb87aa390131130235c07c/dealer HTTP/1.1" 200 282 "-" "Mozilla/5.0 (X11; Linux x86_64) AppleWebKit/537.36 (KHTML, like Gecko) Chrome/81.0.4044.92 Safari/537.36"
::1 - - [18/Jun/2020:15:29:02 +0000] "GET /game/5eeb87aa390131130235c07c/dealer HTTP/1.1" 200 282 "-" "Mozilla/5.0 (X11; Linux x86_64) AppleWebKit/537.36 (KHTML, like Gecko) Chrome/81.0.4044.92 Safari/537.36"
::1 - - [18/Jun/2020:15:29:38 +0000] "GET /game/5eeb87aa390131130235c07c/dealer HTTP/1.1" 200 282 "-" "Mozilla/5.0 (X11; Linux x86_64) AppleWebKit/537.36 (KHTML, like Gecko) Chrome/81.0.4044.92 Safari/537.36"
::1 - - [18/Jun/2020:15:31:58 +0000] "GET /game/5eeb87aa390131130235c07c/dealer HTTP/1.1" 200 282 "-" "Mozilla/5.0 (X11; Linux x86_64) AppleWebKit/537.36 (KHTML, like Gecko) Chrome/81.0.4044.92 Safari/537.36"
::1 - - [18/Jun/2020:15:39:03 +0000] "GET /game/5eeb87aa390131130235c07c/dealer HTTP/1.1" 200 228 "-" "Mozilla/5.0 (X11; Linux x86_64) AppleWebKit/537.36 (KHTML, like Gecko) Chrome/81.0.4044.92 Safari/537.36"
::1 - - [18/Jun/2020:15:41:04 +0000] "GET /game/5eeb87aa390131130235c07c/dealer HTTP/1.1" 200 228 "-" "Mozilla/5.0 (X11; Linux x86_64) AppleWebKit/537.36 (KHTML, like Gecko) Chrome/81.0.4044.92 Safari/537.36"
::1 - - [18/Jun/2020:15:42:37 +0000] "GET /game/5eeb87aa390131130235c07c/dealer HTTP/1.1" 200 228 "-" "Mozilla/5.0 (X11; Linux x86_64) AppleWebKit/537.36 (KHTML, like Gecko) Chrome/81.0.4044.92 Safari/537.36"
::1 - - [18/Jun/2020:15:42:48 +0000] "POST /game/new_game?player_count=2 HTTP/1.1" 201 696 "-" "Mozilla/5.0 (X11; Linux x86_64) AppleWebKit/537.36 (KHTML, like Gecko) Chrome/81.0.4044.92 Safari/537.36"
::1 - - [18/Jun/2020:15:43:05 +0000] "GET /game/twist/5eeb8b785437ac1aab2d8050/p1 HTTP/1.1" 200 258 "-" "Mozilla/5.0 (X11; Linux x86_64) AppleWebKit/537.36 (KHTML, like Gecko) Chrome/81.0.4044.92 Safari/537.36"
::1 - - [18/Jun/2020:15:43:09 +0000] "GET /game/stand/5eeb8b785437ac1aab2d8050/p1 HTTP/1.1" 200 277 "-" "Mozilla/5.0 (X11; Linux x86_64) AppleWebKit/537.36 (KHTML, like Gecko) Chrome/81.0.4044.92 Safari/537.36"
::1 - - [18/Jun/2020:15:43:15 +0000] "GET /game/5eeb8b785437ac1aab2d8050/dealer HTTP/1.1" 400 57 "-" "Mozilla/5.0 (X11; Linux x86_64) AppleWebKit/537.36 (KHTML, like Gecko) Chrome/81.0.4044.92 Safari/537.36"
::1 - - [18/Jun/2020:15:43:26 +0000] "GET /game/twist/5eeb8b785437ac1aab2d8050/p2 HTTP/1.1" 200 259 "-" "Mozilla/5.0 (X11; Linux x86_64) AppleWebKit/537.36 (KHTML, like Gecko) Chrome/81.0.4044.92 Safari/537.36"
::1 - - [18/Jun/2020:15:43:30 +0000] "GET /game/stand/5eeb8b785437ac1aab2d8050/p2 HTTP/1.1" 200 278 "-" "Mozilla/5.0 (X11; Linux x86_64) AppleWebKit/537.36 (KHTML, like Gecko) Chrome/81.0.4044.92 Safari/537.36"
::1 - - [18/Jun/2020:15:43:36 +0000] "GET /game/5eeb8b785437ac1aab2d8050/dealer HTTP/1.1" 200 228 "-" "Mozilla/5.0 (X11; Linux x86_64) AppleWebKit/537.36 (KHTML, like Gecko) Chrome/81.0.4044.92 Safari/537.36"
::1 - - [18/Jun/2020:15:49:38 +0000] "GET /game/5eeb8b785437ac1aab2d8050/dealer HTTP/1.1" 200 228 "-" "Mozilla/5.0 (X11; Linux x86_64) AppleWebKit/537.36 (KHTML, like Gecko) Chrome/81.0.4044.92 Safari/537.36"
::1 - - [18/Jun/2020:15:52:00 +0000] "GET /game/5eeb8b785437ac1aab2d8050/dealer HTTP/1.1" 200 228 "-" "Mozilla/5.0 (X11; Linux x86_64) AppleWebKit/537.36 (KHTML, like Gecko) Chrome/81.0.4044.92 Safari/537.36"
::1 - - [18/Jun/2020:15:52:11 +0000] "POST /game/new_game?player_count=2 HTTP/1.1" 201 697 "-" "Mozilla/5.0 (X11; Linux x86_64) AppleWebKit/537.36 (KHTML, like Gecko) Chrome/81.0.4044.92 Safari/537.36"
::1 - - [18/Jun/2020:15:52:40 +0000] "GET /game/twist/5eeb8dabaf85e61e8bcfb98b/p1 HTTP/1.1" 200 261 "-" "Mozilla/5.0 (X11; Linux x86_64) AppleWebKit/537.36 (KHTML, like Gecko) Chrome/81.0.4044.92 Safari/537.36"
::1 - - [18/Jun/2020:15:53:01 +0000] "GET /game/stand/5eeb8dabaf85e61e8bcfb98b/p1 HTTP/1.1" 200 44 "-" "Mozilla/5.0 (X11; Linux x86_64) AppleWebKit/537.36 (KHTML, like Gecko) Chrome/81.0.4044.92 Safari/537.36"
::1 - - [18/Jun/2020:15:53:17 +0000] "GET /game/twist/5eeb8dabaf85e61e8bcfb98b/p2 HTTP/1.1" 200 260 "-" "Mozilla/5.0 (X11; Linux x86_64) AppleWebKit/537.36 (KHTML, like Gecko) Chrome/81.0.4044.92 Safari/537.36"
::1 - - [18/Jun/2020:15:53:21 +0000] "GET /game/stand/5eeb8dabaf85e61e8bcfb98b/p2 HTTP/1.1" 200 279 "-" "Mozilla/5.0 (X11; Linux x86_64) AppleWebKit/537.36 (KHTML, like Gecko) Chrome/81.0.4044.92 Safari/537.36"
::1 - - [18/Jun/2020:15:53:24 +0000] "GET /game/5eeb8dabaf85e61e8bcfb98b/dealer HTTP/1.1" 200 731 "-" "Mozilla/5.0 (X11; Linux x86_64) AppleWebKit/537.36 (KHTML, like Gecko) Chrome/81.0.4044.92 Safari/537.36"
::1 - - [18/Jun/2020:15:55:11 +0000] "GET /game/5eeb8dabaf85e61e8bcfb98b/dealer HTTP/1.1" 200 731 "-" "Mozilla/5.0 (X11; Linux x86_64) AppleWebKit/537.36 (KHTML, like Gecko) Chrome/81.0.4044.92 Safari/537.36"
::1 - - [18/Jun/2020:15:55:34 +0000] "GET /game/5eeb8dabaf85e61e8bcfb98b/dealer HTTP/1.1" 200 731 "-" "Mozilla/5.0 (X11; Linux x86_64) AppleWebKit/537.36 (KHTML, like Gecko) Chrome/81.0.4044.92 Safari/537.36"
::1 - - [18/Jun/2020:15:56:59 +0000] "GET /game/5eeb8dabaf85e61e8bcfb98b/dealer HTTP/1.1" 200 731 "-" "Mozilla/5.0 (X11; Linux x86_64) AppleWebKit/537.36 (KHTML, like Gecko) Chrome/81.0.4044.92 Safari/537.36"
::1 - - [18/Jun/2020:15:58:18 +0000] "GET /game/5eeb8dabaf85e61e8bcfb98b/dealer HTTP/1.1" 200 731 "-" "Mozilla/5.0 (X11; Linux x86_64) AppleWebKit/537.36 (KHTML, like Gecko) Chrome/81.0.4044.92 Safari/537.36"
::1 - - [18/Jun/2020:15:59:13 +0000] "GET /game/5eeb8dabaf85e61e8bcfb98b/dealer HTTP/1.1" 200 731 "-" "Mozilla/5.0 (X11; Linux x86_64) AppleWebKit/537.36 (KHTML, like Gecko) Chrome/81.0.4044.92 Safari/537.36"
::1 - - [18/Jun/2020:15:59:25 +0000] "GET /game/5eeb8dabaf85e61e8bcfb98b/dealer HTTP/1.1" 200 731 "-" "Mozilla/5.0 (X11; Linux x86_64) AppleWebKit/537.36 (KHTML, like Gecko) Chrome/81.0.4044.92 Safari/537.36"
::1 - - [18/Jun/2020:16:05:44 +0000] "GET /game/5eeb8dabaf85e61e8bcfb98b/dealer HTTP/1.1" 200 229 "-" "Mozilla/5.0 (X11; Linux x86_64) AppleWebKit/537.36 (KHTML, like Gecko) Chrome/81.0.4044.92 Safari/537.36"
::1 - - [18/Jun/2020:16:06:40 +0000] "GET /game/5eeb8dabaf85e61e8bcfb98b/dealer HTTP/1.1" 200 229 "-" "Mozilla/5.0 (X11; Linux x86_64) AppleWebKit/537.36 (KHTML, like Gecko) Chrome/81.0.4044.92 Safari/537.36"
::1 - - [18/Jun/2020:16:06:58 +0000] "GET /game/5eeb8dabaf85e61e8bcfb98b/dealer HTTP/1.1" 200 229 "-" "Mozilla/5.0 (X11; Linux x86_64) AppleWebKit/537.36 (KHTML, like Gecko) Chrome/81.0.4044.92 Safari/537.36"
::1 - - [18/Jun/2020:16:07:16 +0000] "GET /game/5eeb8dabaf85e61e8bcfb98b/dealer HTTP/1.1" 200 228 "-" "Mozilla/5.0 (X11; Linux x86_64) AppleWebKit/537.36 (KHTML, like Gecko) Chrome/81.0.4044.92 Safari/537.36"
::1 - - [18/Jun/2020:16:08:44 +0000] "POST /game/new_game?player_count=2 HTTP/1.1" 201 695 "-" "Mozilla/5.0 (X11; Linux x86_64) AppleWebKit/537.36 (KHTML, like Gecko) Chrome/81.0.4044.92 Safari/537.36"
::1 - - [18/Jun/2020:16:10:39 +0000] "POST /game/new_game?player_count=2 HTTP/1.1" 201 698 "-" "Mozilla/5.0 (X11; Linux x86_64) AppleWebKit/537.36 (KHTML, like Gecko) Chrome/81.0.4044.92 Safari/537.36"
::1 - - [18/Jun/2020:16:11:00 +0000] "POST /game/new_game?player_count=2 HTTP/1.1" 201 701 "-" "Mozilla/5.0 (X11; Linux x86_64) AppleWebKit/537.36 (KHTML, like Gecko) Chrome/81.0.4044.92 Safari/537.36"
::1 - - [18/Jun/2020:16:11:04 +0000] "GET /game/5eeb8dabaf85e61e8bcfb98b/dealer HTTP/1.1" 200 228 "-" "Mozilla/5.0 (X11; Linux x86_64) AppleWebKit/537.36 (KHTML, like Gecko) Chrome/81.0.4044.92 Safari/537.36"
::1 - - [18/Jun/2020:16:11:50 +0000] "GET /game/5eeb8dabaf85e61e8bcfb98b/dealer HTTP/1.1" 200 228 "-" "Mozilla/5.0 (X11; Linux x86_64) AppleWebKit/537.36 (KHTML, like Gecko) Chrome/81.0.4044.92 Safari/537.36"
::1 - - [18/Jun/2020:16:12:33 +0000] "GET /game/5eeb8dabaf85e61e8bcfb98b/dealer HTTP/1.1" 200 228 "-" "Mozilla/5.0 (X11; Linux x86_64) AppleWebKit/537.36 (KHTML, like Gecko) Chrome/81.0.4044.92 Safari/537.36"
::1 - - [18/Jun/2020:16:13:28 +0000] "GET /game/5eeb8dabaf85e61e8bcfb98b/dealer HTTP/1.1" 200 228 "-" "Mozilla/5.0 (X11; Linux x86_64) AppleWebKit/537.36 (KHTML, like Gecko) Chrome/81.0.4044.92 Safari/537.36"
::1 - - [18/Jun/2020:16:13:42 +0000] "GET /game/5eeb8dabaf85e61e8bcfb98b/dealer HTTP/1.1" 200 228 "-" "Mozilla/5.0 (X11; Linux x86_64) AppleWebKit/537.36 (KHTML, like Gecko) Chrome/81.0.4044.92 Safari/537.36"
::1 - - [18/Jun/2020:16:24:05 +0000] "GET /game/5eeb8dabaf85e61e8bcfb98b/dealer HTTP/1.1" 200 228 "-" "Mozilla/5.0 (X11; Linux x86_64) AppleWebKit/537.36 (KHTML, like Gecko) Chrome/81.0.4044.92 Safari/537.36"
::1 - - [18/Jun/2020:16:25:16 +0000] "GET /game/5eeb8dabaf85e61e8bcfb98b/dealer HTTP/1.1" 200 228 "-" "Mozilla/5.0 (X11; Linux x86_64) AppleWebKit/537.36 (KHTML, like Gecko) Chrome/81.0.4044.92 Safari/537.36"
::1 - - [18/Jun/2020:16:26:05 +0000] "GET /game/5eeb8dabaf85e61e8bcfb98b/dealer HTTP/1.1" 200 228 "-" "Mozilla/5.0 (X11; Linux x86_64) AppleWebKit/537.36 (KHTML, like Gecko) Chrome/81.0.4044.92 Safari/537.36"
::1 - - [18/Jun/2020:16:26:31 +0000] "GET /game/5eeb8dabaf85e61e8bcfb98b/dealer HTTP/1.1" 200 228 "-" "Mozilla/5.0 (X11; Linux x86_64) AppleWebKit/537.36 (KHTML, like Gecko) Chrome/81.0.4044.92 Safari/537.36"
::1 - - [18/Jun/2020:16:27:19 +0000] "GET /game/5eeb8dabaf85e61e8bcfb98b/dealer HTTP/1.1" 200 228 "-" "Mozilla/5.0 (X11; Linux x86_64) AppleWebKit/537.36 (KHTML, like Gecko) Chrome/81.0.4044.92 Safari/537.36"
::1 - - [18/Jun/2020:16:28:00 +0000] "GET /game/5eeb8dabaf85e61e8bcfb98b/dealer HTTP/1.1" 200 228 "-" "Mozilla/5.0 (X11; Linux x86_64) AppleWebKit/537.36 (KHTML, like Gecko) Chrome/81.0.4044.92 Safari/537.36"
::1 - - [18/Jun/2020:16:29:25 +0000] "GET /game/5eeb8dabaf85e61e8bcfb98b/dealer HTTP/1.1" 200 228 "-" "Mozilla/5.0 (X11; Linux x86_64) AppleWebKit/537.36 (KHTML, like Gecko) Chrome/81.0.4044.92 Safari/537.36"
::1 - - [18/Jun/2020:16:30:59 +0000] "GET /game/5eeb8dabaf85e61e8bcfb98b/dealer HTTP/1.1" 200 228 "-" "Mozilla/5.0 (X11; Linux x86_64) AppleWebKit/537.36 (KHTML, like Gecko) Chrome/81.0.4044.92 Safari/537.36"
::1 - - [18/Jun/2020:16:32:16 +0000] "GET /game/5eeb8dabaf85e61e8bcfb98b/dealer HTTP/1.1" 200 228 "-" "Mozilla/5.0 (X11; Linux x86_64) AppleWebKit/537.36 (KHTML, like Gecko) Chrome/81.0.4044.92 Safari/537.36"
::1 - - [18/Jun/2020:16:36:07 +0000] "GET /game/5eeb8dabaf85e61e8bcfb98b/dealer HTTP/1.1" 200 228 "-" "Mozilla/5.0 (X11; Linux x86_64) AppleWebKit/537.36 (KHTML, like Gecko) Chrome/81.0.4044.92 Safari/537.36"
::1 - - [18/Jun/2020:16:36:52 +0000] "GET /game/5eeb8dabaf85e61e8bcfb98b/dealer HTTP/1.1" 200 228 "-" "Mozilla/5.0 (X11; Linux x86_64) AppleWebKit/537.36 (KHTML, like Gecko) Chrome/81.0.4044.92 Safari/537.36"
::1 - - [18/Jun/2020:16:39:53 +0000] "GET /game/5eeb8dabaf85e61e8bcfb98b/dealer HTTP/1.1" 200 228 "-" "Mozilla/5.0 (X11; Linux x86_64) AppleWebKit/537.36 (KHTML, like Gecko) Chrome/81.0.4044.92 Safari/537.36"
::1 - - [18/Jun/2020:16:43:00 +0000] "GET /game/5eeb8dabaf85e61e8bcfb98b/dealer HTTP/1.1" 200 228 "-" "Mozilla/5.0 (X11; Linux x86_64) AppleWebKit/537.36 (KHTML, like Gecko) Chrome/81.0.4044.92 Safari/537.36"
::1 - - [18/Jun/2020:16:44:36 +0000] "GET /game/5eeb8dabaf85e61e8bcfb98b/dealer HTTP/1.1" 200 228 "-" "Mozilla/5.0 (X11; Linux x86_64) AppleWebKit/537.36 (KHTML, like Gecko) Chrome/81.0.4044.92 Safari/537.36"
::1 - - [18/Jun/2020:16:52:27 +0000] "GET /game/5eeb8dabaf85e61e8bcfb98b/dealer HTTP/1.1" 200 228 "-" "Mozilla/5.0 (X11; Linux x86_64) AppleWebKit/537.36 (KHTML, like Gecko) Chrome/81.0.4044.92 Safari/537.36"
::1 - - [18/Jun/2020:16:52:33 +0000] "GET /game/5eeb8dabaf85e61e8bcfb98b/dealer HTTP/1.1" 200 228 "-" "Mozilla/5.0 (X11; Linux x86_64) AppleWebKit/537.36 (KHTML, like Gecko) Chrome/81.0.4044.92 Safari/537.36"
::1 - - [18/Jun/2020:16:52:49 +0000] "GET /game/5eeb8dabaf85e61e8bcfb98b/dealer HTTP/1.1" 200 228 "-" "Mozilla/5.0 (X11; Linux x86_64) AppleWebKit/537.36 (KHTML, like Gecko) Chrome/81.0.4044.92 Safari/537.36"
::1 - - [18/Jun/2020:16:53:32 +0000] "GET /game/5eeb8dabaf85e61e8bcfb98b/dealer HTTP/1.1" 200 228 "-" "Mozilla/5.0 (X11; Linux x86_64) AppleWebKit/537.36 (KHTML, like Gecko) Chrome/81.0.4044.92 Safari/537.36"
::1 - - [18/Jun/2020:16:55:42 +0000] "GET /game/5eeb8dabaf85e61e8bcfb98b/dealer HTTP/1.1" 200 138 "-" "Mozilla/5.0 (X11; Linux x86_64) AppleWebKit/537.36 (KHTML, like Gecko) Chrome/81.0.4044.92 Safari/537.36"
::1 - - [18/Jun/2020:16:56:51 +0000] "GET /game/5eeb8dabaf85e61e8bcfb98b/dealer HTTP/1.1" 200 115 "-" "Mozilla/5.0 (X11; Linux x86_64) AppleWebKit/537.36 (KHTML, like Gecko) Chrome/81.0.4044.92 Safari/537.36"
::1 - - [18/Jun/2020:17:02:59 +0000] "GET /game/5eeb8dabaf85e61e8bcfb98b/dealer HTTP/1.1" 200 115 "-" "Mozilla/5.0 (X11; Linux x86_64) AppleWebKit/537.36 (KHTML, like Gecko) Chrome/81.0.4044.92 Safari/537.36"
::1 - - [18/Jun/2020:17:03:12 +0000] "GET /game/5eeb8dabaf85e61e8bcfb98b/dealer HTTP/1.1" 200 115 "-" "Mozilla/5.0 (X11; Linux x86_64) AppleWebKit/537.36 (KHTML, like Gecko) Chrome/81.0.4044.92 Safari/537.36"
::1 - - [18/Jun/2020:17:11:21 +0000] "GET /game/p2 HTTP/1.1" 200 183 "-" "Mozilla/5.0 (X11; Linux x86_64) AppleWebKit/537.36 (KHTML, like Gecko) Chrome/81.0.4044.92 Safari/537.36"
::1 - - [18/Jun/2020:17:13:10 +0000] "POST /game/new_game?player_count=2 HTTP/1.1" 201 702 "-" "Mozilla/5.0 (X11; Linux x86_64) AppleWebKit/537.36 (KHTML, like Gecko) Chrome/81.0.4044.92 Safari/537.36"
::1 - - [18/Jun/2020:17:13:23 +0000] "GET /game/twist/5eeba0a5ff63dd43266475e6/p2 HTTP/1.1" 200 257 "-" "Mozilla/5.0 (X11; Linux x86_64) AppleWebKit/537.36 (KHTML, like Gecko) Chrome/81.0.4044.92 Safari/537.36"
::1 - - [18/Jun/2020:17:13:43 +0000] "GET /game/stand/5eeba0a5ff63dd43266475e6/p2 HTTP/1.1" 200 58 "-" "Mozilla/5.0 (X11; Linux x86_64) AppleWebKit/537.36 (KHTML, like Gecko) Chrome/81.0.4044.92 Safari/537.36"
::1 - - [18/Jun/2020:17:14:00 +0000] "GET /game/5eeba0a5ff63dd43266475e6/dealer HTTP/1.1" 400 57 "-" "Mozilla/5.0 (X11; Linux x86_64) AppleWebKit/537.36 (KHTML, like Gecko) Chrome/81.0.4044.92 Safari/537.36"
::1 - - [18/Jun/2020:17:14:15 +0000] "GET /game/twist/5eeba0a5ff63dd43266475e6/p1 HTTP/1.1" 200 275 "-" "Mozilla/5.0 (X11; Linux x86_64) AppleWebKit/537.36 (KHTML, like Gecko) Chrome/81.0.4044.92 Safari/537.36"
::1 - - [18/Jun/2020:17:14:19 +0000] "GET /game/5eeba0a5ff63dd43266475e6/dealer HTTP/1.1" 200 797 "-" "Mozilla/5.0 (X11; Linux x86_64) AppleWebKit/537.36 (KHTML, like Gecko) Chrome/81.0.4044.92 Safari/537.36"
::1 - - [18/Jun/2020:17:14:33 +0000] "GET /game/5eeba0a5ff63dd43266475e6/dealer HTTP/1.1" 200 849 "-" "Mozilla/5.0 (X11; Linux x86_64) AppleWebKit/537.36 (KHTML, like Gecko) Chrome/81.0.4044.92 Safari/537.36"
::1 - - [18/Jun/2020:17:16:09 +0000] "GET /game/5eeba0a5ff63dd43266475e6/dealer HTTP/1.1" 200 7521 "-" "Mozilla/5.0 (X11; Linux x86_64) AppleWebKit/537.36 (KHTML, like Gecko) Chrome/81.0.4044.92 Safari/537.36"
::1 - - [18/Jun/2020:17:21:39 +0000] "GET /game/5eeba0a5ff63dd43266475e6/dealer HTTP/1.1" 200 157 "-" "Mozilla/5.0 (X11; Linux x86_64) AppleWebKit/537.36 (KHTML, like Gecko) Chrome/81.0.4044.92 Safari/537.36"
::1 - - [18/Jun/2020:17:22:25 +0000] "POST /game/new_game?player_count=2 HTTP/1.1" 201 691 "-" "Mozilla/5.0 (X11; Linux x86_64) AppleWebKit/537.36 (KHTML, like Gecko) Chrome/81.0.4044.92 Safari/537.36"
::1 - - [18/Jun/2020:17:22:42 +0000] "GET /game/twist/5eeba2d1d8bcb8474d78b3f3/p1 HTTP/1.1" 200 261 "-" "Mozilla/5.0 (X11; Linux x86_64) AppleWebKit/537.36 (KHTML, like Gecko) Chrome/81.0.4044.92 Safari/537.36"
::1 - - [18/Jun/2020:17:33:54 +0000] "GET /game/twist/5eeba2d1d8bcb8474d78b3f3/p1 HTTP/1.1" 200 59 "-" "Mozilla/5.0 (X11; Linux x86_64) AppleWebKit/537.36 (KHTML, like Gecko) Chrome/81.0.4044.92 Safari/537.36"
::1 - - [18/Jun/2020:17:34:06 +0000] "GET /game/twist/5eeba2d1d8bcb8474d78b3f3/p2 HTTP/1.1" 200 260 "-" "Mozilla/5.0 (X11; Linux x86_64) AppleWebKit/537.36 (KHTML, like Gecko) Chrome/81.0.4044.92 Safari/537.36"
::1 - - [18/Jun/2020:17:34:39 +0000] "GET /game/twist/5eeba2d1d8bcb8474d78b3f3/p2 HTTP/1.1" 200 311 "-" "Mozilla/5.0 (X11; Linux x86_64) AppleWebKit/537.36 (KHTML, like Gecko) Chrome/81.0.4044.92 Safari/537.36"
::1 - - [18/Jun/2020:17:35:44 +0000] "GET /game/twist/5eeba2d1d8bcb8474d78b3f3/p2 HTTP/1.1" 200 357 "-" "Mozilla/5.0 (X11; Linux x86_64) AppleWebKit/537.36 (KHTML, like Gecko) Chrome/81.0.4044.92 Safari/537.36"
::1 - - [18/Jun/2020:17:36:12 +0000] "GET /game/5eeba2d1d8bcb8474d78b3f3/dealer HTTP/1.1" 200 885 "-" "Mozilla/5.0 (X11; Linux x86_64) AppleWebKit/537.36 (KHTML, like Gecko) Chrome/81.0.4044.92 Safari/537.36"
::1 - - [18/Jun/2020:17:36:28 +0000] "GET /game/5eeba2d1d8bcb8474d78b3f3/dealer HTTP/1.1" 200 228 "-" "Mozilla/5.0 (X11; Linux x86_64) AppleWebKit/537.36 (KHTML, like Gecko) Chrome/81.0.4044.92 Safari/537.36"
::1 - - [18/Jun/2020:17:38:16 +0000] "GET /game/5eeba2d1d8bcb8474d78b3f3/dealer HTTP/1.1" 200 119 "-" "Mozilla/5.0 (X11; Linux x86_64) AppleWebKit/537.36 (KHTML, like Gecko) Chrome/81.0.4044.92 Safari/537.36"
::1 - - [18/Jun/2020:17:39:42 +0000] "POST /game/new_game?player_count=2 HTTP/1.1" 201 692 "-" "Mozilla/5.0 (X11; Linux x86_64) AppleWebKit/537.36 (KHTML, like Gecko) Chrome/81.0.4044.92 Safari/537.36"
::1 - - [18/Jun/2020:17:39:52 +0000] "POST /game/new_game?player_count=2 HTTP/1.1" 201 699 "-" "Mozilla/5.0 (X11; Linux x86_64) AppleWebKit/537.36 (KHTML, like Gecko) Chrome/81.0.4044.92 Safari/537.36"
::1 - - [18/Jun/2020:17:40:06 +0000] "GET /game/twist/5eeba6de81a09a4e81e7ff78/p2 HTTP/1.1" 200 263 "-" "Mozilla/5.0 (X11; Linux x86_64) AppleWebKit/537.36 (KHTML, like Gecko) Chrome/81.0.4044.92 Safari/537.36"
::1 - - [18/Jun/2020:17:40:10 +0000] "GET /game/twist/5eeba6de81a09a4e81e7ff78/p2 HTTP/1.1" 200 308 "-" "Mozilla/5.0 (X11; Linux x86_64) AppleWebKit/537.36 (KHTML, like Gecko) Chrome/81.0.4044.92 Safari/537.36"
::1 - - [18/Jun/2020:17:40:17 +0000] "GET /game/stand/5eeba6de81a09a4e81e7ff78/p2 HTTP/1.1" 200 58 "-" "Mozilla/5.0 (X11; Linux x86_64) AppleWebKit/537.36 (KHTML, like Gecko) Chrome/81.0.4044.92 Safari/537.36"
::1 - - [18/Jun/2020:17:40:28 +0000] "GET /game/stand/5eeba6de81a09a4e81e7ff78/p1 HTTP/1.1" 200 228 "-" "Mozilla/5.0 (X11; Linux x86_64) AppleWebKit/537.36 (KHTML, like Gecko) Chrome/81.0.4044.92 Safari/537.36"
::1 - - [18/Jun/2020:17:40:32 +0000] "GET /game/5eeba6de81a09a4e81e7ff78/dealer HTTP/1.1" 200 781 "-" "Mozilla/5.0 (X11; Linux x86_64) AppleWebKit/537.36 (KHTML, like Gecko) Chrome/81.0.4044.92 Safari/537.36"
::1 - - [18/Jun/2020:17:44:20 +0000] "GET /game/5eeba6de81a09a4e81e7ff78/dealer HTTP/1.1" - - "-" "Mozilla/5.0 (X11; Linux x86_64) AppleWebKit/537.36 (KHTML, like Gecko) Chrome/81.0.4044.92 Safari/537.36"
::1 - - [18/Jun/2020:17:52:12 +0000] "GET /game/5eeba6de81a09a4e81e7ff78/dealer HTTP/1.1" - - "-" "Mozilla/5.0 (X11; Linux x86_64) AppleWebKit/537.36 (KHTML, like Gecko) Chrome/81.0.4044.92 Safari/537.36"
::1 - - [18/Jun/2020:17:54:23 +0000] "GET /game/5eeba6de81a09a4e81e7ff78/dealer HTTP/1.1" 200 228 "-" "Mozilla/5.0 (X11; Linux x86_64) AppleWebKit/537.36 (KHTML, like Gecko) Chrome/81.0.4044.92 Safari/537.36"
::1 - - [18/Jun/2020:17:58:33 +0000] "GET /game/5eeba6de81a09a4e81e7ff78/dealer HTTP/1.1" 200 115 "-" "Mozilla/5.0 (X11; Linux x86_64) AppleWebKit/537.36 (KHTML, like Gecko) Chrome/81.0.4044.92 Safari/537.36"
::1 - - [18/Jun/2020:17:58:38 +0000] "GET /game/5eeba6de81a09a4e81e7ff78/dealer HTTP/1.1" 200 115 "-" "Mozilla/5.0 (X11; Linux x86_64) AppleWebKit/537.36 (KHTML, like Gecko) Chrome/81.0.4044.92 Safari/537.36"
::1 - - [18/Jun/2020:18:02:04 +0000] "GET /game/5eeba6de81a09a4e81e7ff78/dealer HTTP/1.1" 200 115 "-" "Mozilla/5.0 (X11; Linux x86_64) AppleWebKit/537.36 (KHTML, like Gecko) Chrome/81.0.4044.92 Safari/537.36"
::1 - - [18/Jun/2020:18:02:17 +0000] "POST /game/new_game?player_count=2 HTTP/1.1" 201 705 "-" "Mozilla/5.0 (X11; Linux x86_64) AppleWebKit/537.36 (KHTML, like Gecko) Chrome/81.0.4044.92 Safari/537.36"
::1 - - [18/Jun/2020:18:02:30 +0000] "GET /game/twist/5eebac293da5d8588beaea1b/p1 HTTP/1.1" 200 257 "-" "Mozilla/5.0 (X11; Linux x86_64) AppleWebKit/537.36 (KHTML, like Gecko) Chrome/81.0.4044.92 Safari/537.36"
::1 - - [18/Jun/2020:18:02:39 +0000] "GET /game/5eebac293da5d8588beaea1b/dealer HTTP/1.1" 400 57 "-" "Mozilla/5.0 (X11; Linux x86_64) AppleWebKit/537.36 (KHTML, like Gecko) Chrome/81.0.4044.92 Safari/537.36"
::1 - - [18/Jun/2020:18:02:51 +0000] "GET /game/stand/5eebac293da5d8588beaea1b/p2 HTTP/1.1" 200 237 "-" "Mozilla/5.0 (X11; Linux x86_64) AppleWebKit/537.36 (KHTML, like Gecko) Chrome/81.0.4044.92 Safari/537.36"
::1 - - [18/Jun/2020:18:02:53 +0000] "GET /game/5eebac293da5d8588beaea1b/dealer HTTP/1.1" 200 228 "-" "Mozilla/5.0 (X11; Linux x86_64) AppleWebKit/537.36 (KHTML, like Gecko) Chrome/81.0.4044.92 Safari/537.36"
::1 - - [18/Jun/2020:18:03:12 +0000] "GET /game/5eebac293da5d8588beaea1b/dealer HTTP/1.1" 200 119 "-" "Mozilla/5.0 (X11; Linux x86_64) AppleWebKit/537.36 (KHTML, like Gecko) Chrome/81.0.4044.92 Safari/537.36"
::1 - - [18/Jun/2020:18:23:08 +0000] "POST /game/new_game?player_count=2 HTTP/1.1" 201 706 "-" "Mozilla/5.0 (X11; Linux x86_64) AppleWebKit/537.36 (KHTML, like Gecko) Chrome/81.0.4044.92 Safari/537.36"
::1 - - [18/Jun/2020:18:23:25 +0000] "GET /game/twist/5eebb10ca6083a59a6628dc1/p2 HTTP/1.1" 200 260 "-" "Mozilla/5.0 (X11; Linux x86_64) AppleWebKit/537.36 (KHTML, like Gecko) Chrome/81.0.4044.92 Safari/537.36"
::1 - - [18/Jun/2020:18:23:45 +0000] "GET /game/5eebb10ca6083a59a6628dc1/dealer HTTP/1.1" 400 57 "-" "Mozilla/5.0 (X11; Linux x86_64) AppleWebKit/537.36 (KHTML, like Gecko) Chrome/81.0.4044.92 Safari/537.36"
::1 - - [18/Jun/2020:18:23:50 +0000] "GET /game/stand/5eebb10ca6083a59a6628dc1/p1 HTTP/1.1" 200 237 "-" "Mozilla/5.0 (X11; Linux x86_64) AppleWebKit/537.36 (KHTML, like Gecko) Chrome/81.0.4044.92 Safari/537.36"
::1 - - [18/Jun/2020:18:23:54 +0000] "GET /game/5eebb10ca6083a59a6628dc1/dealer HTTP/1.1" 200 745 "-" "Mozilla/5.0 (X11; Linux x86_64) AppleWebKit/537.36 (KHTML, like Gecko) Chrome/81.0.4044.92 Safari/537.36"
::1 - - [18/Jun/2020:18:24:02 +0000] "GET /game/5eebb10ca6083a59a6628dc1/dealer HTTP/1.1" 200 7623 "-" "Mozilla/5.0 (X11; Linux x86_64) AppleWebKit/537.36 (KHTML, like Gecko) Chrome/81.0.4044.92 Safari/537.36"
::1 - - [18/Jun/2020:18:30:58 +0000] "GET /game/5eebb10ca6083a59a6628dc1/dealer HTTP/1.1" 200 7620 "-" "Mozilla/5.0 (X11; Linux x86_64) AppleWebKit/537.36 (KHTML, like Gecko) Chrome/81.0.4044.92 Safari/537.36"
::1 - - [18/Jun/2020:18:31:30 +0000] "GET /game/5eebb10ca6083a59a6628dc1/dealer HTTP/1.1" 200 203 "-" "Mozilla/5.0 (X11; Linux x86_64) AppleWebKit/537.36 (KHTML, like Gecko) Chrome/81.0.4044.92 Safari/537.36"
::1 - - [18/Jun/2020:18:31:55 +0000] "POST /game/new_game?player_count=2 HTTP/1.1" 201 699 "-" "Mozilla/5.0 (X11; Linux x86_64) AppleWebKit/537.36 (KHTML, like Gecko) Chrome/81.0.4044.92 Safari/537.36"
::1 - - [18/Jun/2020:18:32:07 +0000] "GET /game/twist/5eebb31b65328d656cd099eb/p1 HTTP/1.1" 200 264 "-" "Mozilla/5.0 (X11; Linux x86_64) AppleWebKit/537.36 (KHTML, like Gecko) Chrome/81.0.4044.92 Safari/537.36"
::1 - - [18/Jun/2020:18:32:13 +0000] "GET /game/stand/5eebb31b65328d656cd099eb/p1 HTTP/1.1" 200 58 "-" "Mozilla/5.0 (X11; Linux x86_64) AppleWebKit/537.36 (KHTML, like Gecko) Chrome/81.0.4044.92 Safari/537.36"
::1 - - [18/Jun/2020:18:32:30 +0000] "GET /game/stand/5eebb31b65328d656cd099eb/p2 HTTP/1.1" 200 232 "-" "Mozilla/5.0 (X11; Linux x86_64) AppleWebKit/537.36 (KHTML, like Gecko) Chrome/81.0.4044.92 Safari/537.36"
::1 - - [18/Jun/2020:18:32:34 +0000] "GET /game/5eebb31b65328d656cd099eb/dealer HTTP/1.1" 200 738 "-" "Mozilla/5.0 (X11; Linux x86_64) AppleWebKit/537.36 (KHTML, like Gecko) Chrome/81.0.4044.92 Safari/537.36"
::1 - - [18/Jun/2020:18:33:49 +0000] "GET /game/5eebb31b65328d656cd099eb/dealer HTTP/1.1" 200 785 "-" "Mozilla/5.0 (X11; Linux x86_64) AppleWebKit/537.36 (KHTML, like Gecko) Chrome/81.0.4044.92 Safari/537.36"
::1 - - [18/Jun/2020:18:33:58 +0000] "GET /game/5eebb31b65328d656cd099eb/dealer HTTP/1.1" 200 205 "-" "Mozilla/5.0 (X11; Linux x86_64) AppleWebKit/537.36 (KHTML, like Gecko) Chrome/81.0.4044.92 Safari/537.36"
::1 - - [18/Jun/2020:18:34:04 +0000] "POST /game/new_game?player_count=2 HTTP/1.1" 201 697 "-" "Mozilla/5.0 (X11; Linux x86_64) AppleWebKit/537.36 (KHTML, like Gecko) Chrome/81.0.4044.92 Safari/537.36"
::1 - - [18/Jun/2020:18:34:22 +0000] "GET /game/stand/5eebb39c65328d656cd09a14/p2 HTTP/1.1" 200 233 "-" "Mozilla/5.0 (X11; Linux x86_64) AppleWebKit/537.36 (KHTML, like Gecko) Chrome/81.0.4044.92 Safari/537.36"
::1 - - [18/Jun/2020:18:34:31 +0000] "GET /game/stand/5eebb39c65328d656cd09a14/p1 HTTP/1.1" 200 231 "-" "Mozilla/5.0 (X11; Linux x86_64) AppleWebKit/537.36 (KHTML, like Gecko) Chrome/81.0.4044.92 Safari/537.36"
::1 - - [18/Jun/2020:18:34:35 +0000] "GET /game/5eebb39c65328d656cd09a14/dealer HTTP/1.1" 200 205 "-" "Mozilla/5.0 (X11; Linux x86_64) AppleWebKit/537.36 (KHTML, like Gecko) Chrome/81.0.4044.92 Safari/537.36"
::1 - - [18/Jun/2020:18:35:00 +0000] "POST /game/new_game?player_count=2 HTTP/1.1" 201 718 "-" "Mozilla/5.0 (X11; Linux x86_64) AppleWebKit/537.36 (KHTML, like Gecko) Chrome/81.0.4044.92 Safari/537.36"
::1 - - [18/Jun/2020:18:35:16 +0000] "GET /game/stand/5eebb3d465328d656cd09a2b/p1 HTTP/1.1" 200 239 "-" "Mozilla/5.0 (X11; Linux x86_64) AppleWebKit/537.36 (KHTML, like Gecko) Chrome/81.0.4044.92 Safari/537.36"
::1 - - [18/Jun/2020:18:35:29 +0000] "GET /game/stand/5eebb3d465328d656cd09a2b/p2 HTTP/1.1" 200 239 "-" "Mozilla/5.0 (X11; Linux x86_64) AppleWebKit/537.36 (KHTML, like Gecko) Chrome/81.0.4044.92 Safari/537.36"
::1 - - [18/Jun/2020:18:35:33 +0000] "GET /game/5eebb3d465328d656cd09a2b/dealer HTTP/1.1" 200 205 "-" "Mozilla/5.0 (X11; Linux x86_64) AppleWebKit/537.36 (KHTML, like Gecko) Chrome/81.0.4044.92 Safari/537.36"
::1 - - [18/Jun/2020:18:37:45 +0000] "GET /game/5eebb3d465328d656cd09a2b/dealer HTTP/1.1" 200 119 "-" "Mozilla/5.0 (X11; Linux x86_64) AppleWebKit/537.36 (KHTML, like Gecko) Chrome/81.0.4044.92 Safari/537.36"
::1 - - [18/Jun/2020:18:37:52 +0000] "POST /game/new_game?player_count=2 HTTP/1.1" 201 696 "-" "Mozilla/5.0 (X11; Linux x86_64) AppleWebKit/537.36 (KHTML, like Gecko) Chrome/81.0.4044.92 Safari/537.36"
::1 - - [18/Jun/2020:18:38:08 +0000] "GET /game/twist/5eebb47f78142e67d1db37fe/p2 HTTP/1.1" 200 259 "-" "Mozilla/5.0 (X11; Linux x86_64) AppleWebKit/537.36 (KHTML, like Gecko) Chrome/81.0.4044.92 Safari/537.36"
::1 - - [18/Jun/2020:18:38:14 +0000] "GET /game/stand/5eebb47f78142e67d1db37fe/p2 HTTP/1.1" 200 278 "-" "Mozilla/5.0 (X11; Linux x86_64) AppleWebKit/537.36 (KHTML, like Gecko) Chrome/81.0.4044.92 Safari/537.36"
::1 - - [18/Jun/2020:18:38:25 +0000] "GET /game/stand/5eebb47f78142e67d1db37fe/p1 HTTP/1.1" 200 233 "-" "Mozilla/5.0 (X11; Linux x86_64) AppleWebKit/537.36 (KHTML, like Gecko) Chrome/81.0.4044.92 Safari/537.36"
::1 - - [18/Jun/2020:18:38:29 +0000] "GET /game/5eebb47f78142e67d1db37fe/dealer HTTP/1.1" 200 734 "-" "Mozilla/5.0 (X11; Linux x86_64) AppleWebKit/537.36 (KHTML, like Gecko) Chrome/81.0.4044.92 Safari/537.36"
::1 - - [18/Jun/2020:18:38:37 +0000] "GET /game/5eebb47f78142e67d1db37fe/dealer HTTP/1.1" 200 781 "-" "Mozilla/5.0 (X11; Linux x86_64) AppleWebKit/537.36 (KHTML, like Gecko) Chrome/81.0.4044.92 Safari/537.36"
::1 - - [18/Jun/2020:18:38:45 +0000] "GET /game/5eebb47f78142e67d1db37fe/dealer HTTP/1.1" 200 7588 "-" "Mozilla/5.0 (X11; Linux x86_64) AppleWebKit/537.36 (KHTML, like Gecko) Chrome/81.0.4044.92 Safari/537.36"
::1 - - [18/Jun/2020:18:41:11 +0000] "GET /game/5eebb47f78142e67d1db37fe/dealer HTTP/1.1" 200 157 "-" "Mozilla/5.0 (X11; Linux x86_64) AppleWebKit/537.36 (KHTML, like Gecko) Chrome/81.0.4044.92 Safari/537.36"
::1 - - [18/Jun/2020:18:48:04 +0000] "GET /game/5eebb47f78142e67d1db37fe/dealer HTTP/1.1" 200 157 "-" "Mozilla/5.0 (X11; Linux x86_64) AppleWebKit/537.36 (KHTML, like Gecko) Chrome/81.0.4044.92 Safari/537.36"
::1 - - [18/Jun/2020:18:48:08 +0000] "POST /game/new_game?player_count=2 HTTP/1.1" 201 691 "-" "Mozilla/5.0 (X11; Linux x86_64) AppleWebKit/537.36 (KHTML, like Gecko) Chrome/81.0.4044.92 Safari/537.36"
::1 - - [18/Jun/2020:18:48:21 +0000] "GET /game/stand/5eebb6e802c1586bc982cf58/p1 HTTP/1.1" 200 232 "-" "Mozilla/5.0 (X11; Linux x86_64) AppleWebKit/537.36 (KHTML, like Gecko) Chrome/81.0.4044.92 Safari/537.36"
::1 - - [18/Jun/2020:18:48:35 +0000] "GET /game/twist/5eebb6e802c1586bc982cf58/p2 HTTP/1.1" 200 258 "-" "Mozilla/5.0 (X11; Linux x86_64) AppleWebKit/537.36 (KHTML, like Gecko) Chrome/81.0.4044.92 Safari/537.36"
::1 - - [18/Jun/2020:18:48:40 +0000] "GET /game/stand/5eebb6e802c1586bc982cf58/p2 HTTP/1.1" 200 277 "-" "Mozilla/5.0 (X11; Linux x86_64) AppleWebKit/537.36 (KHTML, like Gecko) Chrome/81.0.4044.92 Safari/537.36"
::1 - - [18/Jun/2020:18:48:42 +0000] "GET /game/5eebb6e802c1586bc982cf58/dealer HTTP/1.1" 200 734 "-" "Mozilla/5.0 (X11; Linux x86_64) AppleWebKit/537.36 (KHTML, like Gecko) Chrome/81.0.4044.92 Safari/537.36"
::1 - - [18/Jun/2020:18:48:47 +0000] "GET /game/5eebb6e802c1586bc982cf58/dealer HTTP/1.1" 200 205 "-" "Mozilla/5.0 (X11; Linux x86_64) AppleWebKit/537.36 (KHTML, like Gecko) Chrome/81.0.4044.92 Safari/537.36"
::1 - - [18/Jun/2020:18:52:44 +0000] "GET /game/5eebb6e802c1586bc982cf58/dealer HTTP/1.1" 200 119 "-" "Mozilla/5.0 (X11; Linux x86_64) AppleWebKit/537.36 (KHTML, like Gecko) Chrome/81.0.4044.92 Safari/537.36"
::1 - - [18/Jun/2020:18:52:49 +0000] "POST /game/new_game?player_count=2 HTTP/1.1" 201 690 "-" "Mozilla/5.0 (X11; Linux x86_64) AppleWebKit/537.36 (KHTML, like Gecko) Chrome/81.0.4044.92 Safari/537.36"
::1 - - [18/Jun/2020:18:53:03 +0000] "GET /game/twist/5eebb8019668e56db27ceadb/p2 HTTP/1.1" 200 261 "-" "Mozilla/5.0 (X11; Linux x86_64) AppleWebKit/537.36 (KHTML, like Gecko) Chrome/81.0.4044.92 Safari/537.36"
::1 - - [18/Jun/2020:18:53:08 +0000] "GET /game/stand/5eebb8019668e56db27ceadb/p2 HTTP/1.1" 200 280 "-" "Mozilla/5.0 (X11; Linux x86_64) AppleWebKit/537.36 (KHTML, like Gecko) Chrome/81.0.4044.92 Safari/537.36"
::1 - - [18/Jun/2020:18:53:16 +0000] "GET /game/stand/5eebb8019668e56db27ceadb/p1 HTTP/1.1" 200 230 "-" "Mozilla/5.0 (X11; Linux x86_64) AppleWebKit/537.36 (KHTML, like Gecko) Chrome/81.0.4044.92 Safari/537.36"
::1 - - [18/Jun/2020:18:53:24 +0000] "GET /game/5eebb8019668e56db27ceadb/dealer HTTP/1.1" 200 732 "-" "Mozilla/5.0 (X11; Linux x86_64) AppleWebKit/537.36 (KHTML, like Gecko) Chrome/81.0.4044.92 Safari/537.36"
::1 - - [18/Jun/2020:18:53:41 +0000] "GET /game/5eebb8019668e56db27ceadb/dealer HTTP/1.1" 200 205 "-" "Mozilla/5.0 (X11; Linux x86_64) AppleWebKit/537.36 (KHTML, like Gecko) Chrome/81.0.4044.92 Safari/537.36"
::1 - - [18/Jun/2020:18:57:12 +0000] "GET /game/5eebb8019668e56db27ceadb/dealer HTTP/1.1" 200 119 "-" "Mozilla/5.0 (X11; Linux x86_64) AppleWebKit/537.36 (KHTML, like Gecko) Chrome/81.0.4044.92 Safari/537.36"
::1 - - [18/Jun/2020:18:57:15 +0000] "POST /game/new_game?player_count=2 HTTP/1.1" 201 698 "-" "Mozilla/5.0 (X11; Linux x86_64) AppleWebKit/537.36 (KHTML, like Gecko) Chrome/81.0.4044.92 Safari/537.36"
::1 - - [18/Jun/2020:18:57:28 +0000] "POST /game/new_game?player_count=2 HTTP/1.1" 201 691 "-" "Mozilla/5.0 (X11; Linux x86_64) AppleWebKit/537.36 (KHTML, like Gecko) Chrome/81.0.4044.92 Safari/537.36"
::1 - - [18/Jun/2020:18:57:33 +0000] "GET /game/twist/5eebb90b13eabe6f62e11e29/p1 HTTP/1.1" 200 262 "-" "Mozilla/5.0 (X11; Linux x86_64) AppleWebKit/537.36 (KHTML, like Gecko) Chrome/81.0.4044.92 Safari/537.36"
::1 - - [18/Jun/2020:18:57:52 +0000] "GET /game/5eebb90b13eabe6f62e11e29/dealer HTTP/1.1" 400 57 "-" "Mozilla/5.0 (X11; Linux x86_64) AppleWebKit/537.36 (KHTML, like Gecko) Chrome/81.0.4044.92 Safari/537.36"
::1 - - [18/Jun/2020:18:57:57 +0000] "GET /game/stand/5eebb90b13eabe6f62e11e29/p2 HTTP/1.1" 200 234 "-" "Mozilla/5.0 (X11; Linux x86_64) AppleWebKit/537.36 (KHTML, like Gecko) Chrome/81.0.4044.92 Safari/537.36"
::1 - - [18/Jun/2020:18:58:01 +0000] "GET /game/5eebb90b13eabe6f62e11e29/dealer HTTP/1.1" 200 742 "-" "Mozilla/5.0 (X11; Linux x86_64) AppleWebKit/537.36 (KHTML, like Gecko) Chrome/81.0.4044.92 Safari/537.36"
::1 - - [18/Jun/2020:18:58:08 +0000] "GET /game/5eebb90b13eabe6f62e11e29/dealer HTTP/1.1" 200 205 "-" "Mozilla/5.0 (X11; Linux x86_64) AppleWebKit/537.36 (KHTML, like Gecko) Chrome/81.0.4044.92 Safari/537.36"
::1 - - [18/Jun/2020:18:58:13 +0000] "POST /game/new_game?player_count=2 HTTP/1.1" 201 693 "-" "Mozilla/5.0 (X11; Linux x86_64) AppleWebKit/537.36 (KHTML, like Gecko) Chrome/81.0.4044.92 Safari/537.36"
::1 - - [18/Jun/2020:18:58:34 +0000] "POST /game/new_game?player_count=2 HTTP/1.1" 201 708 "-" "Mozilla/5.0 (X11; Linux x86_64) AppleWebKit/537.36 (KHTML, like Gecko) Chrome/81.0.4044.92 Safari/537.36"
::1 - - [18/Jun/2020:18:58:52 +0000] "GET /game/twist/5eebb95a13eabe6f62e11e50/p1 HTTP/1.1" 200 47 "-" "Mozilla/5.0 (X11; Linux x86_64) AppleWebKit/537.36 (KHTML, like Gecko) Chrome/81.0.4044.92 Safari/537.36"
::1 - - [18/Jun/2020:18:59:15 +0000] "GET /game/stand/5eebb95a13eabe6f62e11e50/p1 HTTP/1.1" 200 235 "-" "Mozilla/5.0 (X11; Linux x86_64) AppleWebKit/537.36 (KHTML, like Gecko) Chrome/81.0.4044.92 Safari/537.36"
::1 - - [18/Jun/2020:18:59:31 +0000] "GET /game/stand/5eebb95a13eabe6f62e11e50/p2 HTTP/1.1" 200 231 "-" "Mozilla/5.0 (X11; Linux x86_64) AppleWebKit/537.36 (KHTML, like Gecko) Chrome/81.0.4044.92 Safari/537.36"
::1 - - [18/Jun/2020:18:59:37 +0000] "GET /game/5eebb95a13eabe6f62e11e50/dealer HTTP/1.1" 200 204 "-" "Mozilla/5.0 (X11; Linux x86_64) AppleWebKit/537.36 (KHTML, like Gecko) Chrome/81.0.4044.92 Safari/537.36"
::1 - - [18/Jun/2020:18:59:50 +0000] "POST /game/new_game?player_count=2 HTTP/1.1" 201 689 "-" "Mozilla/5.0 (X11; Linux x86_64) AppleWebKit/537.36 (KHTML, like Gecko) Chrome/81.0.4044.92 Safari/537.36"
::1 - - [18/Jun/2020:19:00:10 +0000] "GET /game/twist/5eebb9a613eabe6f62e11e6d/p2 HTTP/1.1" 200 257 "-" "Mozilla/5.0 (X11; Linux x86_64) AppleWebKit/537.36 (KHTML, like Gecko) Chrome/81.0.4044.92 Safari/537.36"
::1 - - [18/Jun/2020:19:00:24 +0000] "GET /game/stand/5eebb9a613eabe6f62e11e6d/p1 HTTP/1.1" 200 230 "-" "Mozilla/5.0 (X11; Linux x86_64) AppleWebKit/537.36 (KHTML, like Gecko) Chrome/81.0.4044.92 Safari/537.36"
::1 - - [18/Jun/2020:19:00:28 +0000] "GET /game/5eebb9a613eabe6f62e11e6d/dealer HTTP/1.1" 200 730 "-" "Mozilla/5.0 (X11; Linux x86_64) AppleWebKit/537.36 (KHTML, like Gecko) Chrome/81.0.4044.92 Safari/537.36"
::1 - - [18/Jun/2020:19:00:37 +0000] "GET /game/5eebb9a613eabe6f62e11e6d/dealer HTTP/1.1" 200 205 "-" "Mozilla/5.0 (X11; Linux x86_64) AppleWebKit/537.36 (KHTML, like Gecko) Chrome/81.0.4044.92 Safari/537.36"
::1 - - [18/Jun/2020:19:00:49 +0000] "POST /game/new_game?player_count=2 HTTP/1.1" 201 696 "-" "Mozilla/5.0 (X11; Linux x86_64) AppleWebKit/537.36 (KHTML, like Gecko) Chrome/81.0.4044.92 Safari/537.36"
::1 - - [18/Jun/2020:19:01:09 +0000] "GET /game/stand/5eebb9e113eabe6f62e11e8a/p1 HTTP/1.1" 200 233 "-" "Mozilla/5.0 (X11; Linux x86_64) AppleWebKit/537.36 (KHTML, like Gecko) Chrome/81.0.4044.92 Safari/537.36"
::1 - - [18/Jun/2020:19:01:21 +0000] "GET /game/stand/5eebb9e113eabe6f62e11e8a/p2 HTTP/1.1" 200 230 "-" "Mozilla/5.0 (X11; Linux x86_64) AppleWebKit/537.36 (KHTML, like Gecko) Chrome/81.0.4044.92 Safari/537.36"
::1 - - [18/Jun/2020:19:01:25 +0000] "GET /game/5eebb9e113eabe6f62e11e8a/dealer HTTP/1.1" 200 205 "-" "Mozilla/5.0 (X11; Linux x86_64) AppleWebKit/537.36 (KHTML, like Gecko) Chrome/81.0.4044.92 Safari/537.36"
::1 - - [18/Jun/2020:19:02:32 +0000] "POST /game/new_game?player_count=2 HTTP/1.1" 201 695 "-" "Mozilla/5.0 (X11; Linux x86_64) AppleWebKit/537.36 (KHTML, like Gecko) Chrome/81.0.4044.92 Safari/537.36"
::1 - - [18/Jun/2020:19:02:47 +0000] "GET /game/stand/5eebba4813eabe6f62e11ea7/p2 HTTP/1.1" 200 234 "-" "Mozilla/5.0 (X11; Linux x86_64) AppleWebKit/537.36 (KHTML, like Gecko) Chrome/81.0.4044.92 Safari/537.36"
::1 - - [18/Jun/2020:19:02:56 +0000] "GET /game/stand/5eebba4813eabe6f62e11ea7/p1 HTTP/1.1" 200 231 "-" "Mozilla/5.0 (X11; Linux x86_64) AppleWebKit/537.36 (KHTML, like Gecko) Chrome/81.0.4044.92 Safari/537.36"
::1 - - [18/Jun/2020:19:02:59 +0000] "GET /game/5eebba4813eabe6f62e11ea7/dealer HTTP/1.1" 200 687 "-" "Mozilla/5.0 (X11; Linux x86_64) AppleWebKit/537.36 (KHTML, like Gecko) Chrome/81.0.4044.92 Safari/537.36"
::1 - - [18/Jun/2020:19:03:05 +0000] "GET /game/5eebba4813eabe6f62e11ea7/dealer HTTP/1.1" 200 204 "-" "Mozilla/5.0 (X11; Linux x86_64) AppleWebKit/537.36 (KHTML, like Gecko) Chrome/81.0.4044.92 Safari/537.36"
::1 - - [18/Jun/2020:19:22:29 +0000] "PUT /game/5eebba4813eabe6f62e11ea7/save HTTP/1.1" - - "-" "Mozilla/5.0 (X11; Linux x86_64) AppleWebKit/537.36 (KHTML, like Gecko) Chrome/81.0.4044.92 Safari/537.36"
::1 - - [18/Jun/2020:19:25:16 +0000] "PUT /game/5eebba4813eabe6f62e11ea7/save HTTP/1.1" 200 34 "-" "Mozilla/5.0 (X11; Linux x86_64) AppleWebKit/537.36 (KHTML, like Gecko) Chrome/81.0.4044.92 Safari/537.36"
::1 - - [18/Jun/2020:19:27:06 +0000] "PUT /game/5eebba4813eabe6f62e11ea7/save HTTP/1.1" 200 34 "-" "Mozilla/5.0 (X11; Linux x86_64) AppleWebKit/537.36 (KHTML, like Gecko) Chrome/81.0.4044.92 Safari/537.36"
::1 - - [18/Jun/2020:19:27:52 +0000] "PUT /game/5eebba4813eabe6f62e11ea7/save HTTP/1.1" 200 34 "-" "Mozilla/5.0 (X11; Linux x86_64) AppleWebKit/537.36 (KHTML, like Gecko) Chrome/81.0.4044.92 Safari/537.36"
::1 - - [18/Jun/2020:19:28:32 +0000] "PUT /game/5eebba4813eabe6f62e11ea7/save HTTP/1.1" 200 7775 "-" "Mozilla/5.0 (X11; Linux x86_64) AppleWebKit/537.36 (KHTML, like Gecko) Chrome/81.0.4044.92 Safari/537.36"
::1 - - [18/Jun/2020:19:37:52 +0000] "PUT /game/5eebba4813eabe6f62e11ea7/save HTTP/1.1" 200 7775 "-" "Mozilla/5.0 (X11; Linux x86_64) AppleWebKit/537.36 (KHTML, like Gecko) Chrome/81.0.4044.92 Safari/537.36"
::1 - - [18/Jun/2020:19:37:57 +0000] "PUT /game/5eebba4813eabe6f62e11ea7/save HTTP/1.1" 200 7775 "-" "Mozilla/5.0 (X11; Linux x86_64) AppleWebKit/537.36 (KHTML, like Gecko) Chrome/81.0.4044.92 Safari/537.36"
::1 - - [18/Jun/2020:19:38:04 +0000] "PUT /game/5eebba4813eabe6f62e11ea7/save HTTP/1.1" 200 7775 "-" "Mozilla/5.0 (X11; Linux x86_64) AppleWebKit/537.36 (KHTML, like Gecko) Chrome/81.0.4044.92 Safari/537.36"
::1 - - [18/Jun/2020:19:38:45 +0000] "PUT /game/5eebba4813eabe6f62e11ea7/save HTTP/1.1" 200 7775 "-" "Mozilla/5.0 (X11; Linux x86_64) AppleWebKit/537.36 (KHTML, like Gecko) Chrome/81.0.4044.92 Safari/537.36"
::1 - - [18/Jun/2020:19:39:43 +0000] "PUT /game/5eebba4813eabe6f62e11ea7/save HTTP/1.1" 422 33 "-" "Mozilla/5.0 (X11; Linux x86_64) AppleWebKit/537.36 (KHTML, like Gecko) Chrome/81.0.4044.92 Safari/537.36"
::1 - - [18/Jun/2020:19:57:25 +0000] "GET /game/twist/5eebba4813eabe6f62e11ea8/p1 HTTP/1.1" 401 26 "-" "Mozilla/5.0 (X11; Linux x86_64) AppleWebKit/537.36 (KHTML, like Gecko) Chrome/81.0.4044.92 Safari/537.36"
::1 - - [18/Jun/2020:20:02:53 +0000] "GET /game/twist/5eebba4813eabe6f62e11ea8/p1 HTTP/1.1" 401 27 "-" "Mozilla/5.0 (X11; Linux x86_64) AppleWebKit/537.36 (KHTML, like Gecko) Chrome/81.0.4044.92 Safari/537.36"
::1 - - [18/Jun/2020:20:04:39 +0000] "GET /game/twist/5eebba4813eabe6f62e11ea8/p1 HTTP/1.1" 401 27 "-" "Mozilla/5.0 (X11; Linux x86_64) AppleWebKit/537.36 (KHTML, like Gecko) Chrome/81.0.4044.92 Safari/537.36"
::1 - - [18/Jun/2020:20:04:52 +0000] "GET /game/twist/5eebba4813eabe6f62e11ea8/p1 HTTP/1.1" 401 27 "-" "Mozilla/5.0 (X11; Linux x86_64) AppleWebKit/537.36 (KHTML, like Gecko) Chrome/81.0.4044.92 Safari/537.36"
::1 - - [18/Jun/2020:23:52:51 +0000] "POST /game/new_game?player_count=2 HTTP/1.1" 201 697 "-" "Mozilla/5.0 (X11; Linux x86_64) AppleWebKit/537.36 (KHTML, like Gecko) Chrome/81.0.4044.92 Safari/537.36"
::1 - - [18/Jun/2020:23:53:09 +0000] "POST /game/new_game?player_count=2 HTTP/1.1" 201 707 "-" "Mozilla/5.0 (X11; Linux x86_64) AppleWebKit/537.36 (KHTML, like Gecko) Chrome/81.0.4044.92 Safari/537.36"
::1 - - [18/Jun/2020:23:53:13 +0000] "GET /game/twist/5eebfe53b5870f66a7dc8123/p1 HTTP/1.1" 200 259 "-" "Mozilla/5.0 (X11; Linux x86_64) AppleWebKit/537.36 (KHTML, like Gecko) Chrome/81.0.4044.92 Safari/537.36"
::1 - - [18/Jun/2020:23:53:18 +0000] "GET /game/stand/5eebfe53b5870f66a7dc8123/p1 HTTP/1.1" 200 58 "-" "Mozilla/5.0 (X11; Linux x86_64) AppleWebKit/537.36 (KHTML, like Gecko) Chrome/81.0.4044.92 Safari/537.36"
::1 - - [18/Jun/2020:23:53:39 +0000] "GET /game/p2 HTTP/1.1" 200 184 "-" "Mozilla/5.0 (X11; Linux x86_64) AppleWebKit/537.36 (KHTML, like Gecko) Chrome/81.0.4044.92 Safari/537.36"
::1 - - [18/Jun/2020:23:53:47 +0000] "GET /game/stand/5eebfe53b5870f66a7dc8123/p2 HTTP/1.1" 200 229 "-" "Mozilla/5.0 (X11; Linux x86_64) AppleWebKit/537.36 (KHTML, like Gecko) Chrome/81.0.4044.92 Safari/537.36"
::1 - - [18/Jun/2020:23:53:55 +0000] "GET /game/5eebfe53b5870f66a7dc8123/dealer HTTP/1.1" 200 739 "-" "Mozilla/5.0 (X11; Linux x86_64) AppleWebKit/537.36 (KHTML, like Gecko) Chrome/81.0.4044.92 Safari/537.36"
::1 - - [18/Jun/2020:23:54:03 +0000] "GET /game/5eebfe53b5870f66a7dc8123/dealer HTTP/1.1" 200 204 "-" "Mozilla/5.0 (X11; Linux x86_64) AppleWebKit/537.36 (KHTML, like Gecko) Chrome/81.0.4044.92 Safari/537.36"
::1 - - [18/Jun/2020:23:54:19 +0000] "PUT /game/5eebfe53b5870f66a7dc8123/save HTTP/1.1" 200 7722 "-" "Mozilla/5.0 (X11; Linux x86_64) AppleWebKit/537.36 (KHTML, like Gecko) Chrome/81.0.4044.92 Safari/537.36"
::1 - - [18/Jun/2020:23:57:31 +0000] "PUT /game/5eebfe53b5870f66a7dc8123/save HTTP/1.1" 422 33 "-" "Mozilla/5.0 (X11; Linux x86_64) AppleWebKit/537.36 (KHTML, like Gecko) Chrome/81.0.4044.92 Safari/537.36"
::1 - - [19/Jun/2020:00:03:04 +0000] "PUT /game/5eebfe53b5870f66a7dc8123/save HTTP/1.1" 200 7521 "-" "Mozilla/5.0 (X11; Linux x86_64) AppleWebKit/537.36 (KHTML, like Gecko) Chrome/81.0.4044.92 Safari/537.36"
::1 - - [19/Jun/2020:00:11:03 +0000] "PUT /game/5eebfe53b5870f66a7dc8123/save HTTP/1.1" 200 7680 "-" "Mozilla/5.0 (X11; Linux x86_64) AppleWebKit/537.36 (KHTML, like Gecko) Chrome/81.0.4044.92 Safari/537.36"
::1 - - [19/Jun/2020:00:11:23 +0000] "PUT /game/5eebfe53b5870f66a7dc8123/save HTTP/1.1" 422 46 "-" "Mozilla/5.0 (X11; Linux x86_64) AppleWebKit/537.36 (KHTML, like Gecko) Chrome/81.0.4044.92 Safari/537.36"
::1 - - [19/Jun/2020:00:11:33 +0000] "PUT /game/5eebfe53b5870f66a7dc8123/save HTTP/1.1" 200 7680 "-" "Mozilla/5.0 (X11; Linux x86_64) AppleWebKit/537.36 (KHTML, like Gecko) Chrome/81.0.4044.92 Safari/537.36"
::1 - - [19/Jun/2020:00:12:29 +0000] "PUT /game/5eebfe53b5870f66a7dc8123/save HTTP/1.1" 200 7680 "-" "Mozilla/5.0 (X11; Linux x86_64) AppleWebKit/537.36 (KHTML, like Gecko) Chrome/81.0.4044.92 Safari/537.36"
::1 - - [19/Jun/2020:00:12:48 +0000] "PUT /game/5eebfe53b5870f66a7dc8123/save HTTP/1.1" 200 7680 "-" "Mozilla/5.0 (X11; Linux x86_64) AppleWebKit/537.36 (KHTML, like Gecko) Chrome/81.0.4044.92 Safari/537.36"
::1 - - [19/Jun/2020:00:14:20 +0000] "PUT /game/5eebfe53b5870f66a7dc8123/save HTTP/1.1" 200 7680 "-" "Mozilla/5.0 (X11; Linux x86_64) AppleWebKit/537.36 (KHTML, like Gecko) Chrome/81.0.4044.92 Safari/537.36"
::1 - - [19/Jun/2020:00:14:52 +0000] "PUT /game/5eebfe53b5870f66a7dc8123/save HTTP/1.1" 200 7680 "-" "Mozilla/5.0 (X11; Linux x86_64) AppleWebKit/537.36 (KHTML, like Gecko) Chrome/81.0.4044.92 Safari/537.36"
::1 - - [19/Jun/2020:00:18:45 +0000] "PUT /game/5eebfe53b5870f66a7dc8123/save HTTP/1.1" 200 7680 "-" "Mozilla/5.0 (X11; Linux x86_64) AppleWebKit/537.36 (KHTML, like Gecko) Chrome/81.0.4044.92 Safari/537.36"
::1 - - [19/Jun/2020:00:19:12 +0000] "PUT /game/5eebfe53b5870f66a7dc8123/save HTTP/1.1" 422 46 "-" "Mozilla/5.0 (X11; Linux x86_64) AppleWebKit/537.36 (KHTML, like Gecko) Chrome/81.0.4044.92 Safari/537.36"
::1 - - [19/Jun/2020:00:19:20 +0000] "PUT /game/5eebfe53b5870f66a7dc8123/save HTTP/1.1" 200 7722 "-" "Mozilla/5.0 (X11; Linux x86_64) AppleWebKit/537.36 (KHTML, like Gecko) Chrome/81.0.4044.92 Safari/537.36"
::1 - - [19/Jun/2020:00:19:34 +0000] "PUT /game/5eebfe53b5870f66a7dc8123/save HTTP/1.1" 200 7709 "-" "Mozilla/5.0 (X11; Linux x86_64) AppleWebKit/537.36 (KHTML, like Gecko) Chrome/81.0.4044.92 Safari/537.36"
::1 - - [19/Jun/2020:00:35:14 +0000] "PUT /game/5eebfe53b5870f66a7dc8123/save HTTP/1.1" 422 401 "-" "Mozilla/5.0 (X11; Linux x86_64) AppleWebKit/537.36 (KHTML, like Gecko) Chrome/81.0.4044.92 Safari/537.36"
::1 - - [19/Jun/2020:00:35:42 +0000] "PUT /game/5eebfe53b5870f66a7dc8123/save HTTP/1.1" 200 7722 "-" "Mozilla/5.0 (X11; Linux x86_64) AppleWebKit/537.36 (KHTML, like Gecko) Chrome/81.0.4044.92 Safari/537.36"
::1 - - [19/Jun/2020:00:35:51 +0000] "PUT /game/5eebfe53b5870f66a7dc8123/save HTTP/1.1" 422 395 "-" "Mozilla/5.0 (X11; Linux x86_64) AppleWebKit/537.36 (KHTML, like Gecko) Chrome/81.0.4044.92 Safari/537.36"
::1 - - [19/Jun/2020:00:36:36 +0000] "PUT /game/5eebfe53b5870f66a7dc8123/save HTTP/1.1" 422 458 "-" "Mozilla/5.0 (X11; Linux x86_64) AppleWebKit/537.36 (KHTML, like Gecko) Chrome/81.0.4044.92 Safari/537.36"
::1 - - [19/Jun/2020:00:45:18 +0000] "GET /api-doc/index.html HTTP/1.1" 404 157 "-" "Mozilla/5.0 (X11; Linux x86_64) AppleWebKit/537.36 (KHTML, like Gecko) Chrome/81.0.4044.92 Safari/537.36"
::1 - - [19/Jun/2020:00:45:24 +0000] "GET /api-doc HTTP/1.1" 404 146 "-" "Mozilla/5.0 (X11; Linux x86_64) AppleWebKit/537.36 (KHTML, like Gecko) Chrome/81.0.4044.92 Safari/537.36"
::1 - - [19/Jun/2020:00:45:32 +0000] "GET / HTTP/1.1" 304 - "-" "Mozilla/5.0 (X11; Linux x86_64) AppleWebKit/537.36 (KHTML, like Gecko) Chrome/81.0.4044.92 Safari/537.36"
::1 - - [19/Jun/2020:00:46:27 +0000] "GET /api-doc HTTP/1.1" 301 181 "-" "Mozilla/5.0 (X11; Linux x86_64) AppleWebKit/537.36 (KHTML, like Gecko) Chrome/81.0.4044.92 Safari/537.36"
::1 - - [19/Jun/2020:00:46:27 +0000] "GET /api-doc/ HTTP/1.1" 200 29411 "-" "Mozilla/5.0 (X11; Linux x86_64) AppleWebKit/537.36 (KHTML, like Gecko) Chrome/81.0.4044.92 Safari/537.36"
::1 - - [19/Jun/2020:00:46:27 +0000] "GET /api-doc/vendor/bootstrap.min.css HTTP/1.1" 200 121457 "http://localhost:8000/api-doc/" "Mozilla/5.0 (X11; Linux x86_64) AppleWebKit/537.36 (KHTML, like Gecko) Chrome/81.0.4044.92 Safari/537.36"
::1 - - [19/Jun/2020:00:46:27 +0000] "GET /api-doc/vendor/prettify.css HTTP/1.1" 200 1956 "http://localhost:8000/api-doc/" "Mozilla/5.0 (X11; Linux x86_64) AppleWebKit/537.36 (KHTML, like Gecko) Chrome/81.0.4044.92 Safari/537.36"
::1 - - [19/Jun/2020:00:46:27 +0000] "GET /api-doc/css/style.css HTTP/1.1" 200 10577 "http://localhost:8000/api-doc/" "Mozilla/5.0 (X11; Linux x86_64) AppleWebKit/537.36 (KHTML, like Gecko) Chrome/81.0.4044.92 Safari/537.36"
::1 - - [19/Jun/2020:00:46:27 +0000] "GET /api-doc/vendor/polyfill.js HTTP/1.1" 200 2900 "http://localhost:8000/api-doc/" "Mozilla/5.0 (X11; Linux x86_64) AppleWebKit/537.36 (KHTML, like Gecko) Chrome/81.0.4044.92 Safari/537.36"
::1 - - [19/Jun/2020:00:46:27 +0000] "GET /api-doc/vendor/require.min.js HTTP/1.1" 200 15825 "http://localhost:8000/api-doc/" "Mozilla/5.0 (X11; Linux x86_64) AppleWebKit/537.36 (KHTML, like Gecko) Chrome/81.0.4044.92 Safari/537.36"
::1 - - [19/Jun/2020:00:46:27 +0000] "GET /api-doc/main.js HTTP/1.1" 200 32631 "http://localhost:8000/api-doc/" "Mozilla/5.0 (X11; Linux x86_64) AppleWebKit/537.36 (KHTML, like Gecko) Chrome/81.0.4044.92 Safari/537.36"
::1 - - [19/Jun/2020:00:46:27 +0000] "GET /api-doc/vendor/lodash.custom.min.js?v=1592527587247 HTTP/1.1" 200 20022 "http://localhost:8000/api-doc/" "Mozilla/5.0 (X11; Linux x86_64) AppleWebKit/537.36 (KHTML, like Gecko) Chrome/81.0.4044.92 Safari/537.36"
::1 - - [19/Jun/2020:00:46:27 +0000] "GET /api-doc/locales/locale.js?v=1592527587247 HTTP/1.1" 200 1249 "http://localhost:8000/api-doc/" "Mozilla/5.0 (X11; Linux x86_64) AppleWebKit/537.36 (KHTML, like Gecko) Chrome/81.0.4044.92 Safari/537.36"
::1 - - [19/Jun/2020:00:46:27 +0000] "GET /api-doc/api_project.js?v=1592527587247 HTTP/1.1" 200 312 "http://localhost:8000/api-doc/" "Mozilla/5.0 (X11; Linux x86_64) AppleWebKit/537.36 (KHTML, like Gecko) Chrome/81.0.4044.92 Safari/537.36"
::1 - - [19/Jun/2020:00:46:27 +0000] "GET /api-doc/vendor/jquery.min.js?v=1592527587247 HTTP/1.1" 200 88145 "http://localhost:8000/api-doc/" "Mozilla/5.0 (X11; Linux x86_64) AppleWebKit/537.36 (KHTML, like Gecko) Chrome/81.0.4044.92 Safari/537.36"
::1 - - [19/Jun/2020:00:46:27 +0000] "GET /api-doc/utils/send_sample_request.js?v=1592527587247 HTTP/1.1" 200 10211 "http://localhost:8000/api-doc/" "Mozilla/5.0 (X11; Linux x86_64) AppleWebKit/537.36 (KHTML, like Gecko) Chrome/81.0.4044.92 Safari/537.36"
::1 - - [19/Jun/2020:00:46:27 +0000] "GET /api-doc/api_data.js?v=1592527587247 HTTP/1.1" 200 8288 "http://localhost:8000/api-doc/" "Mozilla/5.0 (X11; Linux x86_64) AppleWebKit/537.36 (KHTML, like Gecko) Chrome/81.0.4044.92 Safari/537.36"
::1 - - [19/Jun/2020:00:46:27 +0000] "GET /api-doc/img/favicon.ico HTTP/1.1" 200 894 "http://localhost:8000/api-doc/" "Mozilla/5.0 (X11; Linux x86_64) AppleWebKit/537.36 (KHTML, like Gecko) Chrome/81.0.4044.92 Safari/537.36"
::1 - - [19/Jun/2020:00:46:27 +0000] "GET /api-doc/vendor/semver.min.js?v=1592527587247 HTTP/1.1" 200 12950 "http://localhost:8000/api-doc/" "Mozilla/5.0 (X11; Linux x86_64) AppleWebKit/537.36 (KHTML, like Gecko) Chrome/81.0.4044.92 Safari/537.36"
::1 - - [19/Jun/2020:00:46:27 +0000] "GET /api-doc/vendor/webfontloader.js?v=1592527587247 HTTP/1.1" 200 12492 "http://localhost:8000/api-doc/" "Mozilla/5.0 (X11; Linux x86_64) AppleWebKit/537.36 (KHTML, like Gecko) Chrome/81.0.4044.92 Safari/537.36"
::1 - - [19/Jun/2020:00:46:27 +0000] "GET /api-doc/vendor/path-to-regexp/index.js?v=1592527587247 HTTP/1.1" 200 5147 "http://localhost:8000/api-doc/" "Mozilla/5.0 (X11; Linux x86_64) AppleWebKit/537.36 (KHTML, like Gecko) Chrome/81.0.4044.92 Safari/537.36"
::1 - - [19/Jun/2020:00:46:27 +0000] "GET /api-doc/vendor/list.min.js?v=1592527587247 HTTP/1.1" 200 15952 "http://localhost:8000/api-doc/" "Mozilla/5.0 (X11; Linux x86_64) AppleWebKit/537.36 (KHTML, like Gecko) Chrome/81.0.4044.92 Safari/537.36"
::1 - - [19/Jun/2020:00:46:27 +0000] "GET /api-doc/vendor/prettify/prettify.js?v=1592527587247 HTTP/1.1" 200 15261 "http://localhost:8000/api-doc/" "Mozilla/5.0 (X11; Linux x86_64) AppleWebKit/537.36 (KHTML, like Gecko) Chrome/81.0.4044.92 Safari/537.36"
::1 - - [19/Jun/2020:00:46:27 +0000] "GET /api-doc/vendor/handlebars.min.js?v=1592527587247 HTTP/1.1" 200 80257 "http://localhost:8000/api-doc/" "Mozilla/5.0 (X11; Linux x86_64) AppleWebKit/537.36 (KHTML, like Gecko) Chrome/81.0.4044.92 Safari/537.36"
::1 - - [19/Jun/2020:00:46:27 +0000] "GET /api-doc/locales/ca.js?v=1592527587247 HTTP/1.1" 200 1225 "http://localhost:8000/api-doc/" "Mozilla/5.0 (X11; Linux x86_64) AppleWebKit/537.36 (KHTML, like Gecko) Chrome/81.0.4044.92 Safari/537.36"
::1 - - [19/Jun/2020:00:46:27 +0000] "GET /api-doc/locales/cs.js?v=1592527587247 HTTP/1.1" 200 1246 "http://localhost:8000/api-doc/" "Mozilla/5.0 (X11; Linux x86_64) AppleWebKit/537.36 (KHTML, like Gecko) Chrome/81.0.4044.92 Safari/537.36"
::1 - - [19/Jun/2020:00:46:27 +0000] "GET /api-doc/locales/de.js?v=1592527587247 HTTP/1.1" 200 1234 "http://localhost:8000/api-doc/" "Mozilla/5.0 (X11; Linux x86_64) AppleWebKit/537.36 (KHTML, like Gecko) Chrome/81.0.4044.92 Safari/537.36"
::1 - - [19/Jun/2020:00:46:27 +0000] "GET /api-doc/locales/es.js?v=1592527587247 HTTP/1.1" 200 1244 "http://localhost:8000/api-doc/" "Mozilla/5.0 (X11; Linux x86_64) AppleWebKit/537.36 (KHTML, like Gecko) Chrome/81.0.4044.92 Safari/537.36"
::1 - - [19/Jun/2020:00:46:27 +0000] "GET /api-doc/locales/fr.js?v=1592527587247 HTTP/1.1" 200 1264 "http://localhost:8000/api-doc/" "Mozilla/5.0 (X11; Linux x86_64) AppleWebKit/537.36 (KHTML, like Gecko) Chrome/81.0.4044.92 Safari/537.36"
::1 - - [19/Jun/2020:00:46:27 +0000] "GET /api-doc/locales/it.js?v=1592527587247 HTTP/1.1" 200 1249 "http://localhost:8000/api-doc/" "Mozilla/5.0 (X11; Linux x86_64) AppleWebKit/537.36 (KHTML, like Gecko) Chrome/81.0.4044.92 Safari/537.36"
::1 - - [19/Jun/2020:00:46:27 +0000] "GET /api-doc/locales/nl.js?v=1592527587247 HTTP/1.1" 200 1241 "http://localhost:8000/api-doc/" "Mozilla/5.0 (X11; Linux x86_64) AppleWebKit/537.36 (KHTML, like Gecko) Chrome/81.0.4044.92 Safari/537.36"
::1 - - [19/Jun/2020:00:46:27 +0000] "GET /api-doc/locales/pl.js?v=1592527587247 HTTP/1.1" 200 1226 "http://localhost:8000/api-doc/" "Mozilla/5.0 (X11; Linux x86_64) AppleWebKit/537.36 (KHTML, like Gecko) Chrome/81.0.4044.92 Safari/537.36"
::1 - - [19/Jun/2020:00:46:27 +0000] "GET /api-doc/locales/pt_br.js?v=1592527587247 HTTP/1.1" 200 1236 "http://localhost:8000/api-doc/" "Mozilla/5.0 (X11; Linux x86_64) AppleWebKit/537.36 (KHTML, like Gecko) Chrome/81.0.4044.92 Safari/537.36"
::1 - - [19/Jun/2020:00:46:27 +0000] "GET /api-doc/locales/ro.js?v=1592527587247 HTTP/1.1" 200 1238 "http://localhost:8000/api-doc/" "Mozilla/5.0 (X11; Linux x86_64) AppleWebKit/537.36 (KHTML, like Gecko) Chrome/81.0.4044.92 Safari/537.36"
::1 - - [19/Jun/2020:00:46:27 +0000] "GET /api-doc/locales/ru.js?v=1592527587247 HTTP/1.1" 200 1481 "http://localhost:8000/api-doc/" "Mozilla/5.0 (X11; Linux x86_64) AppleWebKit/537.36 (KHTML, like Gecko) Chrome/81.0.4044.92 Safari/537.36"
::1 - - [19/Jun/2020:00:46:27 +0000] "GET /api-doc/locales/tr.js?v=1592527587247 HTTP/1.1" 200 1246 "http://localhost:8000/api-doc/" "Mozilla/5.0 (X11; Linux x86_64) AppleWebKit/537.36 (KHTML, like Gecko) Chrome/81.0.4044.92 Safari/537.36"
::1 - - [19/Jun/2020:00:46:27 +0000] "GET /api-doc/locales/vi.js?v=1592527587247 HTTP/1.1" 200 1328 "http://localhost:8000/api-doc/" "Mozilla/5.0 (X11; Linux x86_64) AppleWebKit/537.36 (KHTML, like Gecko) Chrome/81.0.4044.92 Safari/537.36"
::1 - - [19/Jun/2020:00:46:27 +0000] "GET /api-doc/locales/zh.js?v=1592527587247 HTTP/1.1" 200 1157 "http://localhost:8000/api-doc/" "Mozilla/5.0 (X11; Linux x86_64) AppleWebKit/537.36 (KHTML, like Gecko) Chrome/81.0.4044.92 Safari/537.36"
::1 - - [19/Jun/2020:00:46:27 +0000] "GET /api-doc/locales/zh_cn.js?v=1592527587247 HTTP/1.1" 200 1292 "http://localhost:8000/api-doc/" "Mozilla/5.0 (X11; Linux x86_64) AppleWebKit/537.36 (KHTML, like Gecko) Chrome/81.0.4044.92 Safari/537.36"
::1 - - [19/Jun/2020:00:46:27 +0000] "GET /api-doc/utils/send_sample_request_utils.js?v=1592527587247 HTTP/1.1" 200 3229 "http://localhost:8000/api-doc/" "Mozilla/5.0 (X11; Linux x86_64) AppleWebKit/537.36 (KHTML, like Gecko) Chrome/81.0.4044.92 Safari/537.36"
::1 - - [19/Jun/2020:00:46:27 +0000] "GET /api-doc/vendor/bootstrap.min.js?v=1592527587247 HTTP/1.1" 200 39680 "http://localhost:8000/api-doc/" "Mozilla/5.0 (X11; Linux x86_64) AppleWebKit/537.36 (KHTML, like Gecko) Chrome/81.0.4044.92 Safari/537.36"
::1 - - [19/Jun/2020:00:46:27 +0000] "GET /api-doc/utils/handlebars_helper.js?v=1592527587247 HTTP/1.1" 200 10752 "http://localhost:8000/api-doc/" "Mozilla/5.0 (X11; Linux x86_64) AppleWebKit/537.36 (KHTML, like Gecko) Chrome/81.0.4044.92 Safari/537.36"
::1 - - [19/Jun/2020:00:46:27 +0000] "GET /api-doc/vendor/diff_match_patch.min.js?v=1592527587247 HTTP/1.1" 200 19192 "http://localhost:8000/api-doc/" "Mozilla/5.0 (X11; Linux x86_64) AppleWebKit/537.36 (KHTML, like Gecko) Chrome/81.0.4044.92 Safari/537.36"
